[0.149s] DEBUG:colcon:Command line arguments: ['/usr/bin/colcon', 'build']
[0.149s] DEBUG:colcon:Parsed command line arguments: Namespace(log_base=None, log_level=None, verb_name='build', build_base='build', install_base='install', merge_install=False, symlink_install=False, test_result_base=None, continue_on_error=False, executor='parallel', parallel_workers=4, event_handlers=None, ignore_user_meta=False, metas=['./colcon.meta'], base_paths=['.'], packages_ignore=None, packages_ignore_regex=None, paths=None, packages_up_to=None, packages_up_to_regex=None, packages_above=None, packages_above_and_dependencies=None, packages_above_depth=None, packages_select_by_dep=None, packages_skip_by_dep=None, packages_skip_up_to=None, packages_select_build_failed=False, packages_skip_build_finished=False, packages_select_test_failures=False, packages_skip_test_passed=False, packages_select=None, packages_skip=None, packages_select_regex=None, packages_skip_regex=None, packages_start=None, packages_end=None, allow_overriding=[], cmake_args=None, cmake_target=None, cmake_target_skip_unavailable=False, cmake_clean_cache=False, cmake_clean_first=False, cmake_force_configure=False, ament_cmake_args=None, catkin_cmake_args=None, catkin_skip_building_tests=False, verb_parser=<colcon_defaults.argument_parser.defaults.DefaultArgumentsDecorator object at 0x7381359e0340>, verb_extension=<colcon_core.verb.build.BuildVerb object at 0x7381359abdf0>, main=<bound method BuildVerb.main of <colcon_core.verb.build.BuildVerb object at 0x7381359abdf0>>)
[0.354s] Level 1:colcon.colcon_core.package_discovery:discover_packages(colcon_meta) check parameters
[0.354s] Level 1:colcon.colcon_core.package_discovery:discover_packages(recursive) check parameters
[0.354s] Level 1:colcon.colcon_core.package_discovery:discover_packages(ignore) check parameters
[0.354s] Level 1:colcon.colcon_core.package_discovery:discover_packages(path) check parameters
[0.354s] Level 1:colcon.colcon_core.package_discovery:discover_packages(colcon_meta) discover
[0.354s] Level 1:colcon.colcon_core.package_discovery:discover_packages(recursive) discover
[0.354s] INFO:colcon.colcon_core.package_discovery:Crawling recursively for packages in '/home/gryd/Project/ros2-ws'
[0.354s] Level 1:colcon.colcon_core.package_identification:_identify(.) by extensions ['ignore', 'ignore_ament_install']
[0.355s] Level 1:colcon.colcon_core.package_identification:_identify(.) by extension 'ignore'
[0.355s] Level 1:colcon.colcon_core.package_identification:_identify(.) by extension 'ignore_ament_install'
[0.355s] Level 1:colcon.colcon_core.package_identification:_identify(.) by extensions ['colcon_pkg']
[0.355s] Level 1:colcon.colcon_core.package_identification:_identify(.) by extension 'colcon_pkg'
[0.355s] Level 1:colcon.colcon_core.package_identification:_identify(.) by extensions ['colcon_meta']
[0.355s] Level 1:colcon.colcon_core.package_identification:_identify(.) by extension 'colcon_meta'
[0.355s] Level 1:colcon.colcon_core.package_identification:_identify(.) by extensions ['ros']
[0.355s] Level 1:colcon.colcon_core.package_identification:_identify(.) by extension 'ros'
[0.369s] Level 1:colcon.colcon_core.package_identification:_identify(.) by extensions ['cmake', 'python']
[0.369s] Level 1:colcon.colcon_core.package_identification:_identify(.) by extension 'cmake'
[0.369s] Level 1:colcon.colcon_core.package_identification:_identify(.) by extension 'python'
[0.369s] Level 1:colcon.colcon_core.package_identification:_identify(.) by extensions ['python_setup_py']
[0.369s] Level 1:colcon.colcon_core.package_identification:_identify(.) by extension 'python_setup_py'
[0.370s] Level 1:colcon.colcon_core.package_identification:_identify(build) by extensions ['ignore', 'ignore_ament_install']
[0.370s] Level 1:colcon.colcon_core.package_identification:_identify(build) by extension 'ignore'
[0.370s] Level 1:colcon.colcon_core.package_identification:_identify(build) ignored
[0.370s] Level 1:colcon.colcon_core.package_identification:_identify(install) by extensions ['ignore', 'ignore_ament_install']
[0.370s] Level 1:colcon.colcon_core.package_identification:_identify(install) by extension 'ignore'
[0.370s] Level 1:colcon.colcon_core.package_identification:_identify(install) ignored
[0.370s] Level 1:colcon.colcon_core.package_identification:_identify(log) by extensions ['ignore', 'ignore_ament_install']
[0.370s] Level 1:colcon.colcon_core.package_identification:_identify(log) by extension 'ignore'
[0.370s] Level 1:colcon.colcon_core.package_identification:_identify(log) ignored
[0.370s] Level 1:colcon.colcon_core.package_identification:_identify(src) by extensions ['ignore', 'ignore_ament_install']
[0.371s] Level 1:colcon.colcon_core.package_identification:_identify(src) by extension 'ignore'
[0.371s] Level 1:colcon.colcon_core.package_identification:_identify(src) by extension 'ignore_ament_install'
[0.371s] Level 1:colcon.colcon_core.package_identification:_identify(src) by extensions ['colcon_pkg']
[0.371s] Level 1:colcon.colcon_core.package_identification:_identify(src) by extension 'colcon_pkg'
[0.371s] Level 1:colcon.colcon_core.package_identification:_identify(src) by extensions ['colcon_meta']
[0.371s] Level 1:colcon.colcon_core.package_identification:_identify(src) by extension 'colcon_meta'
[0.371s] Level 1:colcon.colcon_core.package_identification:_identify(src) by extensions ['ros']
[0.371s] Level 1:colcon.colcon_core.package_identification:_identify(src) by extension 'ros'
[0.371s] Level 1:colcon.colcon_core.package_identification:_identify(src) by extensions ['cmake', 'python']
[0.371s] Level 1:colcon.colcon_core.package_identification:_identify(src) by extension 'cmake'
[0.371s] Level 1:colcon.colcon_core.package_identification:_identify(src) by extension 'python'
[0.371s] Level 1:colcon.colcon_core.package_identification:_identify(src) by extensions ['python_setup_py']
[0.371s] Level 1:colcon.colcon_core.package_identification:_identify(src) by extension 'python_setup_py'
[0.371s] Level 1:colcon.colcon_core.package_identification:_identify(src/interfaces) by extensions ['ignore', 'ignore_ament_install']
[0.372s] Level 1:colcon.colcon_core.package_identification:_identify(src/interfaces) by extension 'ignore'
[0.372s] Level 1:colcon.colcon_core.package_identification:_identify(src/interfaces) by extension 'ignore_ament_install'
[0.372s] Level 1:colcon.colcon_core.package_identification:_identify(src/interfaces) by extensions ['colcon_pkg']
[0.372s] Level 1:colcon.colcon_core.package_identification:_identify(src/interfaces) by extension 'colcon_pkg'
[0.372s] Level 1:colcon.colcon_core.package_identification:_identify(src/interfaces) by extensions ['colcon_meta']
[0.372s] Level 1:colcon.colcon_core.package_identification:_identify(src/interfaces) by extension 'colcon_meta'
[0.372s] Level 1:colcon.colcon_core.package_identification:_identify(src/interfaces) by extensions ['ros']
[0.372s] Level 1:colcon.colcon_core.package_identification:_identify(src/interfaces) by extension 'ros'
[0.375s] DEBUG:colcon.colcon_core.package_identification:Package 'src/interfaces' with type 'ros.ament_cmake' and name 'interfaces'
[0.375s] Level 1:colcon.colcon_core.package_identification:_identify(src/pubsub) by extensions ['ignore', 'ignore_ament_install']
[0.376s] Level 1:colcon.colcon_core.package_identification:_identify(src/pubsub) by extension 'ignore'
[0.376s] Level 1:colcon.colcon_core.package_identification:_identify(src/pubsub) by extension 'ignore_ament_install'
[0.376s] Level 1:colcon.colcon_core.package_identification:_identify(src/pubsub) by extensions ['colcon_pkg']
[0.376s] Level 1:colcon.colcon_core.package_identification:_identify(src/pubsub) by extension 'colcon_pkg'
[0.376s] Level 1:colcon.colcon_core.package_identification:_identify(src/pubsub) by extensions ['colcon_meta']
[0.376s] Level 1:colcon.colcon_core.package_identification:_identify(src/pubsub) by extension 'colcon_meta'
[0.376s] Level 1:colcon.colcon_core.package_identification:_identify(src/pubsub) by extensions ['ros']
[0.376s] Level 1:colcon.colcon_core.package_identification:_identify(src/pubsub) by extension 'ros'
[0.377s] DEBUG:colcon.colcon_core.package_identification:Package 'src/pubsub' with type 'ros.ament_cmake' and name 'pubsub'
[0.377s] Level 1:colcon.colcon_core.package_discovery:discover_packages(recursive) using defaults
[0.377s] Level 1:colcon.colcon_core.package_discovery:discover_packages(ignore) discover
[0.377s] Level 1:colcon.colcon_core.package_discovery:discover_packages(ignore) using defaults
[0.377s] Level 1:colcon.colcon_core.package_discovery:discover_packages(path) discover
[0.377s] Level 1:colcon.colcon_core.package_discovery:discover_packages(path) using defaults
[0.401s] Level 1:colcon.colcon_core.package_discovery:discover_packages(prefix_path) check parameters
[0.401s] Level 1:colcon.colcon_core.package_discovery:discover_packages(prefix_path) discover
[0.405s] DEBUG:colcon.colcon_installed_package_information.package_discovery:Found 0 installed packages in /home/gryd/Project/ros2_humble/install
[0.407s] DEBUG:colcon.colcon_installed_package_information.package_discovery:Found 300 installed packages in /opt/ros/humble
[0.408s] Level 1:colcon.colcon_core.package_discovery:discover_packages(prefix_path) using defaults
[0.479s] Level 5:colcon.colcon_core.verb:set package 'interfaces' build argument 'cmake_args' from command line to 'None'
[0.480s] Level 5:colcon.colcon_core.verb:set package 'interfaces' build argument 'cmake_target' from command line to 'None'
[0.480s] Level 5:colcon.colcon_core.verb:set package 'interfaces' build argument 'cmake_target_skip_unavailable' from command line to 'False'
[0.480s] Level 5:colcon.colcon_core.verb:set package 'interfaces' build argument 'cmake_clean_cache' from command line to 'False'
[0.480s] Level 5:colcon.colcon_core.verb:set package 'interfaces' build argument 'cmake_clean_first' from command line to 'False'
[0.480s] Level 5:colcon.colcon_core.verb:set package 'interfaces' build argument 'cmake_force_configure' from command line to 'False'
[0.480s] Level 5:colcon.colcon_core.verb:set package 'interfaces' build argument 'ament_cmake_args' from command line to 'None'
[0.480s] Level 5:colcon.colcon_core.verb:set package 'interfaces' build argument 'catkin_cmake_args' from command line to 'None'
[0.480s] Level 5:colcon.colcon_core.verb:set package 'interfaces' build argument 'catkin_skip_building_tests' from command line to 'False'
[0.480s] DEBUG:colcon.colcon_core.verb:Building package 'interfaces' with the following arguments: {'ament_cmake_args': None, 'build_base': '/home/gryd/Project/ros2-ws/build/interfaces', 'catkin_cmake_args': None, 'catkin_skip_building_tests': False, 'cmake_args': None, 'cmake_clean_cache': False, 'cmake_clean_first': False, 'cmake_force_configure': False, 'cmake_target': None, 'cmake_target_skip_unavailable': False, 'install_base': '/home/gryd/Project/ros2-ws/install/interfaces', 'merge_install': False, 'path': '/home/gryd/Project/ros2-ws/src/interfaces', 'symlink_install': False, 'test_result_base': None}
[0.481s] Level 5:colcon.colcon_core.verb:set package 'pubsub' build argument 'cmake_args' from command line to 'None'
[0.481s] Level 5:colcon.colcon_core.verb:set package 'pubsub' build argument 'cmake_target' from command line to 'None'
[0.481s] Level 5:colcon.colcon_core.verb:set package 'pubsub' build argument 'cmake_target_skip_unavailable' from command line to 'False'
[0.481s] Level 5:colcon.colcon_core.verb:set package 'pubsub' build argument 'cmake_clean_cache' from command line to 'False'
[0.481s] Level 5:colcon.colcon_core.verb:set package 'pubsub' build argument 'cmake_clean_first' from command line to 'False'
[0.481s] Level 5:colcon.colcon_core.verb:set package 'pubsub' build argument 'cmake_force_configure' from command line to 'False'
[0.481s] Level 5:colcon.colcon_core.verb:set package 'pubsub' build argument 'ament_cmake_args' from command line to 'None'
[0.481s] Level 5:colcon.colcon_core.verb:set package 'pubsub' build argument 'catkin_cmake_args' from command line to 'None'
[0.481s] Level 5:colcon.colcon_core.verb:set package 'pubsub' build argument 'catkin_skip_building_tests' from command line to 'False'
[0.481s] DEBUG:colcon.colcon_core.verb:Building package 'pubsub' with the following arguments: {'ament_cmake_args': None, 'build_base': '/home/gryd/Project/ros2-ws/build/pubsub', 'catkin_cmake_args': None, 'catkin_skip_building_tests': False, 'cmake_args': None, 'cmake_clean_cache': False, 'cmake_clean_first': False, 'cmake_force_configure': False, 'cmake_target': None, 'cmake_target_skip_unavailable': False, 'install_base': '/home/gryd/Project/ros2-ws/install/pubsub', 'merge_install': False, 'path': '/home/gryd/Project/ros2-ws/src/pubsub', 'symlink_install': False, 'test_result_base': None}
[0.482s] INFO:colcon.colcon_core.executor:Executing jobs using 'parallel' executor
[0.483s] DEBUG:colcon.colcon_parallel_executor.executor.parallel:run_until_complete
[0.484s] INFO:colcon.colcon_ros.task.ament_cmake.build:Building ROS package in '/home/gryd/Project/ros2-ws/src/interfaces' with build type 'ament_cmake'
[0.484s] INFO:colcon.colcon_cmake.task.cmake.build:Building CMake package in '/home/gryd/Project/ros2-ws/src/interfaces'
[0.489s] INFO:colcon.colcon_core.plugin_system:Skipping extension 'colcon_core.shell.bat': Not used on non-Windows systems
[0.489s] INFO:colcon.colcon_core.shell:Skip shell extension 'powershell' for command environment: Not usable outside of PowerShell
[0.489s] DEBUG:colcon.colcon_core.shell:Skip shell extension 'dsv' for command environment
[0.495s] INFO:colcon.colcon_ros.task.ament_cmake.build:Building ROS package in '/home/gryd/Project/ros2-ws/src/pubsub' with build type 'ament_cmake'
[0.495s] INFO:colcon.colcon_cmake.task.cmake.build:Building CMake package in '/home/gryd/Project/ros2-ws/src/pubsub'
[0.496s] INFO:colcon.colcon_core.shell:Skip shell extension 'powershell' for command environment: Not usable outside of PowerShell
[0.496s] DEBUG:colcon.colcon_core.shell:Skip shell extension 'dsv' for command environment
[0.512s] DEBUG:colcon.colcon_core.event_handler.log_command:Invoking command in '/home/gryd/Project/ros2-ws/build/interfaces': CMAKE_PREFIX_PATH=/opt/ros/humble /usr/bin/cmake /home/gryd/Project/ros2-ws/src/interfaces -DCMAKE_INSTALL_PREFIX=/home/gryd/Project/ros2-ws/install/interfaces
[0.520s] DEBUG:colcon.colcon_core.event_handler.log_command:Invoking command in '/home/gryd/Project/ros2-ws/build/pubsub': CMAKE_PREFIX_PATH=/opt/ros/humble /usr/bin/cmake --build /home/gryd/Project/ros2-ws/build/pubsub -- -j4 -l4
[0.656s] DEBUG:colcon.colcon_core.event_handler.log_command:Invoked command in '/home/gryd/Project/ros2-ws/build/pubsub' returned '0': CMAKE_PREFIX_PATH=/opt/ros/humble /usr/bin/cmake --build /home/gryd/Project/ros2-ws/build/pubsub -- -j4 -l4
[0.716s] DEBUG:colcon.colcon_core.event_handler.log_command:Invoking command in '/home/gryd/Project/ros2-ws/build/pubsub': CMAKE_PREFIX_PATH=/opt/ros/humble /usr/bin/cmake --install /home/gryd/Project/ros2-ws/build/pubsub
[0.747s] Level 1:colcon.colcon_core.environment:create_environment_scripts_only(pubsub)
[0.751s] DEBUG:colcon.colcon_core.event_handler.log_command:Invoked command in '/home/gryd/Project/ros2-ws/build/pubsub' returned '0': CMAKE_PREFIX_PATH=/opt/ros/humble /usr/bin/cmake --install /home/gryd/Project/ros2-ws/build/pubsub
[0.755s] Level 1:colcon.colcon_core.environment:checking '/home/gryd/Project/ros2-ws/install/pubsub' for CMake module files
[0.757s] Level 1:colcon.colcon_core.environment:checking '/home/gryd/Project/ros2-ws/install/pubsub' for CMake config files
[0.757s] Level 1:colcon.colcon_core.shell:create_environment_hook('pubsub', 'cmake_prefix_path')
[0.758s] INFO:colcon.colcon_core.shell:Creating environment hook '/home/gryd/Project/ros2-ws/install/pubsub/share/pubsub/hook/cmake_prefix_path.ps1'
[0.760s] INFO:colcon.colcon_core.shell:Creating environment descriptor '/home/gryd/Project/ros2-ws/install/pubsub/share/pubsub/hook/cmake_prefix_path.dsv'
[0.762s] INFO:colcon.colcon_core.shell:Creating environment hook '/home/gryd/Project/ros2-ws/install/pubsub/share/pubsub/hook/cmake_prefix_path.sh'
[0.765s] Level 1:colcon.colcon_core.environment:checking '/home/gryd/Project/ros2-ws/install/pubsub/lib'
[0.766s] Level 1:colcon.colcon_core.environment:checking '/home/gryd/Project/ros2-ws/install/pubsub/bin'
[0.766s] Level 1:colcon.colcon_core.environment:checking '/home/gryd/Project/ros2-ws/install/pubsub/lib/pkgconfig/pubsub.pc'
[0.767s] Level 1:colcon.colcon_core.environment:checking '/home/gryd/Project/ros2-ws/install/pubsub/lib/python3.10/site-packages'
[0.767s] Level 1:colcon.colcon_core.environment:checking '/home/gryd/Project/ros2-ws/install/pubsub/bin'
[0.768s] INFO:colcon.colcon_core.shell:Creating package script '/home/gryd/Project/ros2-ws/install/pubsub/share/pubsub/package.ps1'
[0.774s] INFO:colcon.colcon_core.shell:Creating package descriptor '/home/gryd/Project/ros2-ws/install/pubsub/share/pubsub/package.dsv'
[0.775s] INFO:colcon.colcon_core.shell:Creating package script '/home/gryd/Project/ros2-ws/install/pubsub/share/pubsub/package.sh'
[0.777s] INFO:colcon.colcon_core.shell:Creating package script '/home/gryd/Project/ros2-ws/install/pubsub/share/pubsub/package.bash'
[0.779s] INFO:colcon.colcon_core.shell:Creating package script '/home/gryd/Project/ros2-ws/install/pubsub/share/pubsub/package.zsh'
[0.782s] Level 1:colcon.colcon_core.environment:create_file_with_runtime_dependencies(/home/gryd/Project/ros2-ws/install/pubsub/share/colcon-core/packages/pubsub)
[0.855s] Level 1:colcon.colcon_core.environment:create_environment_scripts_only(pubsub)
[0.855s] Level 1:colcon.colcon_core.environment:checking '/home/gryd/Project/ros2-ws/install/pubsub' for CMake module files
[0.857s] Level 1:colcon.colcon_core.environment:checking '/home/gryd/Project/ros2-ws/install/pubsub' for CMake config files
[0.858s] Level 1:colcon.colcon_core.shell:create_environment_hook('pubsub', 'cmake_prefix_path')
[0.860s] INFO:colcon.colcon_core.shell:Creating environment hook '/home/gryd/Project/ros2-ws/install/pubsub/share/pubsub/hook/cmake_prefix_path.ps1'
[0.862s] INFO:colcon.colcon_core.shell:Creating environment descriptor '/home/gryd/Project/ros2-ws/install/pubsub/share/pubsub/hook/cmake_prefix_path.dsv'
[0.864s] INFO:colcon.colcon_core.shell:Creating environment hook '/home/gryd/Project/ros2-ws/install/pubsub/share/pubsub/hook/cmake_prefix_path.sh'
[0.866s] Level 1:colcon.colcon_core.environment:checking '/home/gryd/Project/ros2-ws/install/pubsub/lib'
[0.867s] Level 1:colcon.colcon_core.environment:checking '/home/gryd/Project/ros2-ws/install/pubsub/bin'
[0.867s] Level 1:colcon.colcon_core.environment:checking '/home/gryd/Project/ros2-ws/install/pubsub/lib/pkgconfig/pubsub.pc'
[0.870s] Level 1:colcon.colcon_core.environment:checking '/home/gryd/Project/ros2-ws/install/pubsub/lib/python3.10/site-packages'
[0.872s] Level 1:colcon.colcon_core.environment:checking '/home/gryd/Project/ros2-ws/install/pubsub/bin'
[0.873s] INFO:colcon.colcon_core.shell:Creating package script '/home/gryd/Project/ros2-ws/install/pubsub/share/pubsub/package.ps1'
[0.876s] INFO:colcon.colcon_core.shell:Creating package descriptor '/home/gryd/Project/ros2-ws/install/pubsub/share/pubsub/package.dsv'
[0.877s] INFO:colcon.colcon_core.shell:Creating package script '/home/gryd/Project/ros2-ws/install/pubsub/share/pubsub/package.sh'
[0.879s] INFO:colcon.colcon_core.shell:Creating package script '/home/gryd/Project/ros2-ws/install/pubsub/share/pubsub/package.bash'
[0.882s] INFO:colcon.colcon_core.shell:Creating package script '/home/gryd/Project/ros2-ws/install/pubsub/share/pubsub/package.zsh'
[0.883s] Level 1:colcon.colcon_core.environment:create_file_with_runtime_dependencies(/home/gryd/Project/ros2-ws/install/pubsub/share/colcon-core/packages/pubsub)
[1.987s] DEBUG:colcon.colcon_core.event_handler.log_command:Invoked command in '/home/gryd/Project/ros2-ws/build/interfaces' returned '0': CMAKE_PREFIX_PATH=/opt/ros/humble /usr/bin/cmake /home/gryd/Project/ros2-ws/src/interfaces -DCMAKE_INSTALL_PREFIX=/home/gryd/Project/ros2-ws/install/interfaces
[1.990s] DEBUG:colcon.colcon_core.event_handler.log_command:Invoking command in '/home/gryd/Project/ros2-ws/build/interfaces': CMAKE_PREFIX_PATH=/opt/ros/humble /usr/bin/cmake --build /home/gryd/Project/ros2-ws/build/interfaces -- -j4 -l4
[2.045s] DEBUG:colcon.colcon_core.event_handler.log_command:Invoked command in '/home/gryd/Project/ros2-ws/build/interfaces' returned '0': CMAKE_PREFIX_PATH=/opt/ros/humble /usr/bin/cmake --build /home/gryd/Project/ros2-ws/build/interfaces -- -j4 -l4
[2.073s] DEBUG:colcon.colcon_core.event_handler.log_command:Invoking command in '/home/gryd/Project/ros2-ws/build/interfaces': CMAKE_PREFIX_PATH=/opt/ros/humble /usr/bin/cmake --install /home/gryd/Project/ros2-ws/build/interfaces
[2.087s] Level 1:colcon.colcon_core.environment:create_environment_scripts_only(interfaces)
[2.088s] Level 1:colcon.colcon_core.environment:checking '/home/gryd/Project/ros2-ws/install/interfaces' for CMake module files
[2.088s] DEBUG:colcon.colcon_core.event_handler.log_command:Invoked command in '/home/gryd/Project/ros2-ws/build/interfaces' returned '0': CMAKE_PREFIX_PATH=/opt/ros/humble /usr/bin/cmake --install /home/gryd/Project/ros2-ws/build/interfaces
[2.089s] Level 1:colcon.colcon_core.environment:checking '/home/gryd/Project/ros2-ws/install/interfaces' for CMake config files
[2.089s] Level 1:colcon.colcon_core.shell:create_environment_hook('interfaces', 'cmake_prefix_path')
[2.090s] INFO:colcon.colcon_core.shell:Creating environment hook '/home/gryd/Project/ros2-ws/install/interfaces/share/interfaces/hook/cmake_prefix_path.ps1'
[2.090s] INFO:colcon.colcon_core.shell:Creating environment descriptor '/home/gryd/Project/ros2-ws/install/interfaces/share/interfaces/hook/cmake_prefix_path.dsv'
[2.091s] INFO:colcon.colcon_core.shell:Creating environment hook '/home/gryd/Project/ros2-ws/install/interfaces/share/interfaces/hook/cmake_prefix_path.sh'
[2.092s] Level 1:colcon.colcon_core.environment:checking '/home/gryd/Project/ros2-ws/install/interfaces/bin'
[2.092s] Level 1:colcon.colcon_core.environment:checking '/home/gryd/Project/ros2-ws/install/interfaces/lib/pkgconfig/interfaces.pc'
[2.092s] Level 1:colcon.colcon_core.environment:checking '/home/gryd/Project/ros2-ws/install/interfaces/lib/python3.10/site-packages'
[2.092s] Level 1:colcon.colcon_core.environment:checking '/home/gryd/Project/ros2-ws/install/interfaces/bin'
[2.093s] INFO:colcon.colcon_core.shell:Creating package script '/home/gryd/Project/ros2-ws/install/interfaces/share/interfaces/package.ps1'
[2.093s] INFO:colcon.colcon_core.shell:Creating package descriptor '/home/gryd/Project/ros2-ws/install/interfaces/share/interfaces/package.dsv'
[2.094s] INFO:colcon.colcon_core.shell:Creating package script '/home/gryd/Project/ros2-ws/install/interfaces/share/interfaces/package.sh'
[2.094s] INFO:colcon.colcon_core.shell:Creating package script '/home/gryd/Project/ros2-ws/install/interfaces/share/interfaces/package.bash'
[2.095s] INFO:colcon.colcon_core.shell:Creating package script '/home/gryd/Project/ros2-ws/install/interfaces/share/interfaces/package.zsh'
[2.095s] Level 1:colcon.colcon_core.environment:create_file_with_runtime_dependencies(/home/gryd/Project/ros2-ws/install/interfaces/share/colcon-core/packages/interfaces)
[2.144s] Level 1:colcon.colcon_core.environment:create_environment_scripts_only(interfaces)
[2.144s] Level 1:colcon.colcon_core.environment:checking '/home/gryd/Project/ros2-ws/install/interfaces' for CMake module files
[2.145s] Level 1:colcon.colcon_core.environment:checking '/home/gryd/Project/ros2-ws/install/interfaces' for CMake config files
[2.146s] Level 1:colcon.colcon_core.shell:create_environment_hook('interfaces', 'cmake_prefix_path')
[2.147s] INFO:colcon.colcon_core.shell:Creating environment hook '/home/gryd/Project/ros2-ws/install/interfaces/share/interfaces/hook/cmake_prefix_path.ps1'
[2.148s] INFO:colcon.colcon_core.shell:Creating environment descriptor '/home/gryd/Project/ros2-ws/install/interfaces/share/interfaces/hook/cmake_prefix_path.dsv'
[2.150s] INFO:colcon.colcon_core.shell:Creating environment hook '/home/gryd/Project/ros2-ws/install/interfaces/share/interfaces/hook/cmake_prefix_path.sh'
[2.155s] Level 1:colcon.colcon_core.environment:checking '/home/gryd/Project/ros2-ws/install/interfaces/bin'
[2.155s] Level 1:colcon.colcon_core.environment:checking '/home/gryd/Project/ros2-ws/install/interfaces/lib/pkgconfig/interfaces.pc'
[2.156s] Level 1:colcon.colcon_core.environment:checking '/home/gryd/Project/ros2-ws/install/interfaces/lib/python3.10/site-packages'
[2.156s] Level 1:colcon.colcon_core.environment:checking '/home/gryd/Project/ros2-ws/install/interfaces/bin'
[2.157s] INFO:colcon.colcon_core.shell:Creating package script '/home/gryd/Project/ros2-ws/install/interfaces/share/interfaces/package.ps1'
[2.159s] INFO:colcon.colcon_core.shell:Creating package descriptor '/home/gryd/Project/ros2-ws/install/interfaces/share/interfaces/package.dsv'
[2.161s] INFO:colcon.colcon_core.shell:Creating package script '/home/gryd/Project/ros2-ws/install/interfaces/share/interfaces/package.sh'
[2.162s] INFO:colcon.colcon_core.shell:Creating package script '/home/gryd/Project/ros2-ws/install/interfaces/share/interfaces/package.bash'
[2.163s] INFO:colcon.colcon_core.shell:Creating package script '/home/gryd/Project/ros2-ws/install/interfaces/share/interfaces/package.zsh'
[2.164s] Level 1:colcon.colcon_core.environment:create_file_with_runtime_dependencies(/home/gryd/Project/ros2-ws/install/interfaces/share/colcon-core/packages/interfaces)
[2.165s] DEBUG:colcon.colcon_parallel_executor.executor.parallel:closing loop
[2.167s] DEBUG:colcon.colcon_parallel_executor.executor.parallel:loop closed
[2.167s] DEBUG:colcon.colcon_parallel_executor.executor.parallel:run_until_complete finished with '0'
[2.167s] DEBUG:colcon.colcon_core.event_reactor:joining thread
[2.175s] INFO:colcon.colcon_core.plugin_system:Skipping extension 'colcon_notification.desktop_notification.notify_send': Could not find 'notify-send'
[2.175s] INFO:colcon.colcon_core.plugin_system:Skipping extension 'colcon_notification.desktop_notification.terminal_notifier': Not used on non-Darwin systems
[2.176s] INFO:colcon.colcon_core.plugin_system:Skipping extension 'colcon_notification.desktop_notification.win32': Not used on non-Windows systems
[2.176s] INFO:colcon.colcon_notification.desktop_notification:Sending desktop notification using 'notify2'
[2.218s] DEBUG:colcon.colcon_core.event_reactor:joined thread
[2.218s] INFO:colcon.colcon_core.shell:Creating prefix script '/home/gryd/Project/ros2-ws/install/local_setup.ps1'
[2.221s] INFO:colcon.colcon_core.shell:Creating prefix util module '/home/gryd/Project/ros2-ws/install/_local_setup_util_ps1.py'
[2.226s] INFO:colcon.colcon_core.shell:Creating prefix chain script '/home/gryd/Project/ros2-ws/install/setup.ps1'
[2.229s] INFO:colcon.colcon_core.shell:Creating prefix script '/home/gryd/Project/ros2-ws/install/local_setup.sh'
[2.231s] INFO:colcon.colcon_core.shell:Creating prefix util module '/home/gryd/Project/ros2-ws/install/_local_setup_util_sh.py'
[2.235s] INFO:colcon.colcon_core.shell:Creating prefix chain script '/home/gryd/Project/ros2-ws/install/setup.sh'
[2.238s] INFO:colcon.colcon_core.shell:Creating prefix script '/home/gryd/Project/ros2-ws/install/local_setup.bash'
[2.239s] INFO:colcon.colcon_core.shell:Creating prefix chain script '/home/gryd/Project/ros2-ws/install/setup.bash'
[2.242s] INFO:colcon.colcon_core.shell:Creating prefix script '/home/gryd/Project/ros2-ws/install/local_setup.zsh'
[2.243s] INFO:colcon.colcon_core.shell:Creating prefix chain script '/home/gryd/Project/ros2-ws/install/setup.zsh'
