[0.000000] (-) TimerEvent: {}
[0.000219] (pubsub) JobQueued: {'identifier': 'pubsub', 'dependencies': OrderedDict()}
[0.001246] (pubsub) JobStarted: {'identifier': 'pubsub'}
[0.013321] (pubsub) JobProgress: {'identifier': 'pubsub', 'progress': 'cmake'}
[0.013730] (pubsub) Command: {'cmd': ['/usr/bin/cmake', '/home/gryd/Project/ros2-ws/src/pubsub', '-DCMAKE_INSTALL_PREFIX=/home/gryd/Project/ros2-ws/install/pubsub'], 'cwd': '/home/gryd/Project/ros2-ws/build/pubsub', 'env': OrderedDict([('KDE_FULL_SESSION', 'true'), ('BLE_SESSION_ID', '1729408480.517138/782105'), ('MAIL', '/var/spool/mail/gryd'), ('USER', 'gryd'), ('PAM_KWALLET5_LOGIN', '/run/user/1000/kwallet5.socket'), ('LESS_TERMCAP_ue', '\x1b[0m'), ('LC_TIME', 'en_US.UTF-8'), ('HOSTNAME', 'gryd-thinkpad'), ('XDG_SESSION_TYPE', 'wayland'), ('GIT_ASKPASS', '/var/tmp/.vscode-server/bin/384ff7382de624fb94dbaf6da11977bba1ecd427/extensions/git/dist/askpass.sh'), ('GREP_COLOR', '37;45'), ('QT_WAYLAND_RECONNECT', '1'), ('SHLVL', '2'), ('LD_LIBRARY_PATH', '/opt/ros/humble/opt/rviz_ogre_vendor/lib:/opt/ros/humble/lib/x86_64-linux-gnu:/opt/ros/humble/lib'), ('BROWSER', '/var/tmp/.vscode-server/bin/384ff7382de624fb94dbaf6da11977bba1ecd427/bin/helpers/browser.sh'), ('HISTIGNORE', '&:[ ]*:exit:ls:bg:fg:history:clear'), ('LESS', '--ignore-case --jump-target=4 --LONG-PROMPT --no-init --quit-if-one-screen --RAW-CONTROL-CHARS'), ('HOME', '/home/gryd'), ('NVM_COMPLETION', 'true'), ('KDE_APPLICATIONS_AS_SCOPE', '1'), ('OLDPWD', '/var/tmp/.vscode-server/bin/384ff7382de624fb94dbaf6da11977bba1ecd427'), ('TERM_PROGRAM_VERSION', '1.94.2'), ('VSCODE_IPC_HOOK_CLI', '/run/user/1000/vscode-ipc-0ea3ccf8-e832-4401-879b-7425e94ef803.sock'), ('ROS_PYTHON_VERSION', '3'), ('GTK_RC_FILES', '/etc/gtk/gtkrc:/home/gryd/.gtkrc:/home/gryd/.config/gtkrc'), ('KDE_SESSION_VERSION', '6'), ('PAGER', 'less'), ('VSCODE_GIT_ASKPASS_MAIN', '/var/tmp/.vscode-server/bin/384ff7382de624fb94dbaf6da11977bba1ecd427/extensions/git/dist/askpass-main.js'), ('LC_MONETARY', 'en_US.UTF-8'), ('GREP_COLORS', 'mt=37;45'), ('VSCODE_GIT_ASKPASS_NODE', '/var/tmp/.vscode-server/bin/384ff7382de624fb94dbaf6da11977bba1ecd427/node'), ('MANAGERPID', '1553'), ('SYSTEMD_EXEC_PID', '6179'), ('XDG_STATE_HOME', '/home/gryd/.local/state'), ('DBUS_SESSION_BUS_ADDRESS', 'unix:path=/run/user/1000/bus'), ('COLORTERM', 'truecolor'), ('container', 'sudo docker'), ('REMOTE_CONTAINERS', 'true'), ('NVM_DIR', '/home/gryd/.nvm'), ('TMUX_TMPDIR', '/var/tmp'), ('WAYLAND_DISPLAY', 'wayland-0'), ('COLCON_PREFIX_PATH', '/home/gryd/Project/ros2_humble/install'), ('XKB_DEFAULT_LAYOUT', 'us'), ('ROS_DISTRO', 'humble'), ('REMOTE_CONTAINERS_IPC', '/tmp/vscode-remote-containers-ipc-b0e65f82-7684-4ed8-8103-da57e8a774e0.sock'), ('LOGNAME', 'gryd'), ('LESS_TERMCAP_us', '\x1b[1;32m'), ('QT_AUTO_SCREEN_SCALE_FACTOR', '0'), ('JOURNAL_STREAM', '8:35027'), ('_', '/usr/bin/colcon'), ('ROS_VERSION', '2'), ('MEMORY_PRESSURE_WATCH', '/sys/fs/cgroup/user.slice/user-1000.slice/user@1000.service/app.slice/flatpak-session-helper.service/memory.pressure'), ('XDG_SESSION_CLASS', 'user'), ('TERMINFO_DIRS', '/usr/share/terminfo:/run/host/usr/share/terminfo'), ('TERM', 'xterm-256color'), ('XDG_SESSION_ID', '1'), ('ROS_LOCALHOST_ONLY', '0'), ('GTK2_RC_FILES', '/etc/gtk-2.0/gtkrc:/home/gryd/.gtkrc-2.0:/home/gryd/.config/gtkrc-2.0'), ('LC_COLLATE', 'C'), ('PATH', '/opt/ros/humble/bin:/var/tmp/.vscode-server/bin/384ff7382de624fb94dbaf6da11977bba1ecd427/bin/remote-cli:/home/gryd/.local/bin:/usr/local/bin:/usr/local/sbin:/usr/local/bin:/usr/sbin:/usr/bin:/sbin:/bin'), ('SESSION_MANAGER', 'local/gryd-thinkpad:@/tmp/.ICE-unix/1753,unix/gryd-thinkpad:/tmp/.ICE-unix/1753'), ('INVOCATION_ID', 'd2413bb0726442f3aa40e62a07427826'), ('_ble_util_fdlist_cloexec', ''), ('XDG_MENU_PREFIX', 'plasma-'), ('LC_ADDRESS', 'en_US.UTF-8'), ('XDG_RUNTIME_DIR', '/run/user/1000'), ('ZIM_CONFIG_FILE', '/home/gryd/.config/zim/zimrc'), ('ICEAUTHORITY', '/run/user/1000/iceauth_mVrLtx'), ('REMOTE_CONTAINERS_SOCKETS', '["/tmp/.X11-unix/X9","/run/user/1000/gnupg/S.gpg-agent"]'), ('DISPLAY', ':9'), ('LANG', 'en_US.UTF-8'), ('XDG_CURRENT_DESKTOP', 'KDE'), ('LC_TELEPHONE', 'en_US.UTF-8'), ('XDG_DATA_HOME', '/home/gryd/.local/share'), ('XDG_CONFIG_HOME', '/home/gryd/.config'), ('XDG_SESSION_DESKTOP', 'KDE'), ('XAUTHORITY', '/run/user/1000/xauth_THgkWe'), ('LS_COLORS', 'di=1;34:ln=35:so=32:pi=33:ex=31:bd=1;36:cd=1;33:su=30;41:sg=30;46:tw=30;42:ow=30;43'), ('NVM_LAZY_LOAD', 'true'), ('VSCODE_GIT_IPC_HANDLE', '/run/user/1000/vscode-git-4a0e2494db.sock'), ('TERM_PROGRAM', 'vscode'), ('STARSHIP_CONFIG', '/home/gryd/.config/starship/starship.toml'), ('AMENT_PREFIX_PATH', '/opt/ros/humble'), ('UID', '1000'), ('REMOTE_CONTAINERS_DISPLAY_SOCK', '/tmp/.X11-unix/X9'), ('SHELL', '/usr/bin/bash'), ('LC_NAME', 'en_US.UTF-8'), ('LESS_TERMCAP_mb', '\x1b[1;31m'), ('LC_MEASUREMENT', 'en_US.UTF-8'), ('LINENO', '2'), ('LC_IDENTIFICATION', 'en_US.UTF-8'), ('VSCODE_GIT_ASKPASS_EXTRA_ARGS', ''), ('LESS_TERMCAP_md', '\x1b[1;31m'), ('ZSH_CUSTOM', '/home/gryd/.config/zsh/zsh-custom'), ('bleopt_connect_tty', '1'), ('PWD', '/home/gryd/Project/ros2-ws/build/pubsub'), ('CONTAINER_ID', 'ubuntu-distrobox'), ('QT_QPA_PLATFORM', 'xcb'), ('LESS_TERMCAP_me', '\x1b[0m'), ('NVM_CD_FLAGS', '-q'), ('XDG_DATA_DIRS', '/home/gryd/.local/share/flatpak/exports/share:/var/lib/flatpak/exports/share:'), ('_ble_util_fdvars_export', ''), ('RANGER_LOAD_DEFAULT_RC', 'false'), ('PYTHONPATH', '/opt/ros/humble/lib/python3.10/site-packages:/opt/ros/humble/local/lib/python3.10/dist-packages'), ('LC_NUMERIC', 'en_US.UTF-8'), ('LC_PAPER', 'en_US.UTF-8'), ('KDE_SESSION_UID', '1000'), ('COLCON', '1'), ('MEMORY_PRESSURE_WRITE', 'c29tZSAyMDAwMDAgMjAwMDAwMAA='), ('NVM_RC_VERSION', ''), ('EDITOR', 'nvim'), ('CMAKE_PREFIX_PATH', '/opt/ros/humble')]), 'shell': False}
[0.094339] (pubsub) StdoutLine: {'line': b'-- The C compiler identification is GNU 11.4.0\n'}
[0.099749] (-) TimerEvent: {}
[0.166570] (pubsub) StdoutLine: {'line': b'-- The CXX compiler identification is GNU 11.4.0\n'}
[0.175508] (pubsub) StdoutLine: {'line': b'-- Detecting C compiler ABI info\n'}
[0.199870] (-) TimerEvent: {}
[0.272281] (pubsub) StdoutLine: {'line': b'-- Detecting C compiler ABI info - done\n'}
[0.291321] (pubsub) StdoutLine: {'line': b'-- Check for working C compiler: /usr/bin/cc - skipped\n'}
[0.291830] (pubsub) StdoutLine: {'line': b'-- Detecting C compile features\n'}
[0.292706] (pubsub) StdoutLine: {'line': b'-- Detecting C compile features - done\n'}
[0.299484] (pubsub) StdoutLine: {'line': b'-- Detecting CXX compiler ABI info\n'}
[0.300211] (-) TimerEvent: {}
[0.400063] (pubsub) StdoutLine: {'line': b'-- Detecting CXX compiler ABI info - done\n'}
[0.400315] (-) TimerEvent: {}
[0.414612] (pubsub) StdoutLine: {'line': b'-- Check for working CXX compiler: /usr/bin/c++ - skipped\n'}
[0.415684] (pubsub) StdoutLine: {'line': b'-- Detecting CXX compile features\n'}
[0.417698] (pubsub) StdoutLine: {'line': b'-- Detecting CXX compile features - done\n'}
[0.436310] (pubsub) StdoutLine: {'line': b'-- Found ament_cmake: 1.3.10 (/opt/ros/humble/share/ament_cmake/cmake)\n'}
[0.500446] (-) TimerEvent: {}
[0.602579] (-) TimerEvent: {}
[0.704039] (-) TimerEvent: {}
[0.783220] (pubsub) StdoutLine: {'line': b'-- Found Python3: /usr/bin/python3 (found version "3.10.12") found components: Interpreter \n'}
[0.804291] (-) TimerEvent: {}
[0.904678] (-) TimerEvent: {}
[0.966786] (pubsub) StdoutLine: {'line': b'-- Found rclcpp: 16.0.10 (/opt/ros/humble/share/rclcpp/cmake)\n'}
[1.004802] (-) TimerEvent: {}
[1.061211] (pubsub) StdoutLine: {'line': b'-- Found rosidl_generator_c: 3.1.5 (/opt/ros/humble/share/rosidl_generator_c/cmake)\n'}
[1.071695] (pubsub) StdoutLine: {'line': b'-- Found rosidl_adapter: 3.1.5 (/opt/ros/humble/share/rosidl_adapter/cmake)\n'}
[1.096577] (pubsub) StdoutLine: {'line': b'-- Found rosidl_generator_cpp: 3.1.5 (/opt/ros/humble/share/rosidl_generator_cpp/cmake)\n'}
[1.104942] (-) TimerEvent: {}
[1.140808] (pubsub) StdoutLine: {'line': b'-- Using all available rosidl_typesupport_c: rosidl_typesupport_fastrtps_c;rosidl_typesupport_introspection_c\n'}
[1.179387] (pubsub) StdoutLine: {'line': b'-- Using all available rosidl_typesupport_cpp: rosidl_typesupport_fastrtps_cpp;rosidl_typesupport_introspection_cpp\n'}
[1.205290] (-) TimerEvent: {}
[1.303462] (pubsub) StdoutLine: {'line': b'-- Found rmw_implementation_cmake: 6.1.2 (/opt/ros/humble/share/rmw_implementation_cmake/cmake)\n'}
[1.305316] (-) TimerEvent: {}
[1.308840] (pubsub) StdoutLine: {'line': b'-- Found rmw_fastrtps_cpp: 6.2.7 (/opt/ros/humble/share/rmw_fastrtps_cpp/cmake)\n'}
[1.405453] (-) TimerEvent: {}
[1.497048] (pubsub) StdoutLine: {'line': b'-- Found OpenSSL: /usr/lib/x86_64-linux-gnu/libcrypto.so (found version "3.0.2")  \n'}
[1.505587] (-) TimerEvent: {}
[1.552414] (pubsub) StdoutLine: {'line': b'-- Found FastRTPS: /opt/ros/humble/include  \n'}
[1.605696] (-) TimerEvent: {}
[1.625928] (pubsub) StdoutLine: {'line': b"-- Using RMW implementation 'rmw_fastrtps_cpp' as default\n"}
[1.645074] (pubsub) StdoutLine: {'line': b'-- Looking for pthread.h\n'}
[1.705877] (-) TimerEvent: {}
[1.743503] (pubsub) StdoutLine: {'line': b'-- Looking for pthread.h - found\n'}
[1.744135] (pubsub) StdoutLine: {'line': b'-- Performing Test CMAKE_HAVE_LIBC_PTHREAD\n'}
[1.805991] (-) TimerEvent: {}
[1.837736] (pubsub) StdoutLine: {'line': b'-- Performing Test CMAKE_HAVE_LIBC_PTHREAD - Success\n'}
[1.839621] (pubsub) StdoutLine: {'line': b'-- Found Threads: TRUE  \n'}
[1.906093] (-) TimerEvent: {}
[1.954557] (pubsub) StdoutLine: {'line': b'-- Found ament_lint_auto: 0.12.11 (/opt/ros/humble/share/ament_lint_auto/cmake)\n'}
[2.006193] (-) TimerEvent: {}
[2.086971] (pubsub) StdoutLine: {'line': b"-- Added test 'cppcheck' to perform static code analysis on C / C++ code\n"}
[2.087326] (pubsub) StdoutLine: {'line': b'-- Configured cppcheck include dirs: \n'}
[2.087484] (pubsub) StdoutLine: {'line': b'-- Configured cppcheck exclude dirs and/or files: \n'}
[2.089158] (pubsub) StdoutLine: {'line': b"-- Added test 'lint_cmake' to check CMake code style\n"}
[2.090864] (pubsub) StdoutLine: {'line': b"-- Added test 'uncrustify' to check C / C++ code style\n"}
[2.091048] (pubsub) StdoutLine: {'line': b'-- Configured uncrustify additional arguments: \n'}
[2.092358] (pubsub) StdoutLine: {'line': b"-- Added test 'xmllint' to check XML markup files\n"}
[2.095868] (pubsub) StdoutLine: {'line': b'-- Configuring done\n'}
[2.106303] (-) TimerEvent: {}
[2.112852] (pubsub) StdoutLine: {'line': b'-- Generating done\n'}
[2.116007] (pubsub) StdoutLine: {'line': b'-- Build files have been written to: /home/gryd/Project/ros2-ws/build/pubsub\n'}
[2.134710] (pubsub) CommandEnded: {'returncode': 0}
[2.140595] (pubsub) JobProgress: {'identifier': 'pubsub', 'progress': 'build'}
[2.140768] (pubsub) Command: {'cmd': ['/usr/bin/cmake', '--build', '/home/gryd/Project/ros2-ws/build/pubsub', '--', '-j4', '-l4'], 'cwd': '/home/gryd/Project/ros2-ws/build/pubsub', 'env': OrderedDict([('KDE_FULL_SESSION', 'true'), ('BLE_SESSION_ID', '1729408480.517138/782105'), ('MAIL', '/var/spool/mail/gryd'), ('USER', 'gryd'), ('PAM_KWALLET5_LOGIN', '/run/user/1000/kwallet5.socket'), ('LESS_TERMCAP_ue', '\x1b[0m'), ('LC_TIME', 'en_US.UTF-8'), ('HOSTNAME', 'gryd-thinkpad'), ('XDG_SESSION_TYPE', 'wayland'), ('GIT_ASKPASS', '/var/tmp/.vscode-server/bin/384ff7382de624fb94dbaf6da11977bba1ecd427/extensions/git/dist/askpass.sh'), ('GREP_COLOR', '37;45'), ('QT_WAYLAND_RECONNECT', '1'), ('SHLVL', '2'), ('LD_LIBRARY_PATH', '/opt/ros/humble/opt/rviz_ogre_vendor/lib:/opt/ros/humble/lib/x86_64-linux-gnu:/opt/ros/humble/lib'), ('BROWSER', '/var/tmp/.vscode-server/bin/384ff7382de624fb94dbaf6da11977bba1ecd427/bin/helpers/browser.sh'), ('HISTIGNORE', '&:[ ]*:exit:ls:bg:fg:history:clear'), ('LESS', '--ignore-case --jump-target=4 --LONG-PROMPT --no-init --quit-if-one-screen --RAW-CONTROL-CHARS'), ('HOME', '/home/gryd'), ('NVM_COMPLETION', 'true'), ('KDE_APPLICATIONS_AS_SCOPE', '1'), ('OLDPWD', '/var/tmp/.vscode-server/bin/384ff7382de624fb94dbaf6da11977bba1ecd427'), ('TERM_PROGRAM_VERSION', '1.94.2'), ('VSCODE_IPC_HOOK_CLI', '/run/user/1000/vscode-ipc-0ea3ccf8-e832-4401-879b-7425e94ef803.sock'), ('ROS_PYTHON_VERSION', '3'), ('GTK_RC_FILES', '/etc/gtk/gtkrc:/home/gryd/.gtkrc:/home/gryd/.config/gtkrc'), ('KDE_SESSION_VERSION', '6'), ('PAGER', 'less'), ('VSCODE_GIT_ASKPASS_MAIN', '/var/tmp/.vscode-server/bin/384ff7382de624fb94dbaf6da11977bba1ecd427/extensions/git/dist/askpass-main.js'), ('LC_MONETARY', 'en_US.UTF-8'), ('GREP_COLORS', 'mt=37;45'), ('VSCODE_GIT_ASKPASS_NODE', '/var/tmp/.vscode-server/bin/384ff7382de624fb94dbaf6da11977bba1ecd427/node'), ('MANAGERPID', '1553'), ('SYSTEMD_EXEC_PID', '6179'), ('XDG_STATE_HOME', '/home/gryd/.local/state'), ('DBUS_SESSION_BUS_ADDRESS', 'unix:path=/run/user/1000/bus'), ('COLORTERM', 'truecolor'), ('container', 'sudo docker'), ('REMOTE_CONTAINERS', 'true'), ('NVM_DIR', '/home/gryd/.nvm'), ('TMUX_TMPDIR', '/var/tmp'), ('WAYLAND_DISPLAY', 'wayland-0'), ('COLCON_PREFIX_PATH', '/home/gryd/Project/ros2_humble/install'), ('XKB_DEFAULT_LAYOUT', 'us'), ('ROS_DISTRO', 'humble'), ('REMOTE_CONTAINERS_IPC', '/tmp/vscode-remote-containers-ipc-b0e65f82-7684-4ed8-8103-da57e8a774e0.sock'), ('LOGNAME', 'gryd'), ('LESS_TERMCAP_us', '\x1b[1;32m'), ('QT_AUTO_SCREEN_SCALE_FACTOR', '0'), ('JOURNAL_STREAM', '8:35027'), ('_', '/usr/bin/colcon'), ('ROS_VERSION', '2'), ('MEMORY_PRESSURE_WATCH', '/sys/fs/cgroup/user.slice/user-1000.slice/user@1000.service/app.slice/flatpak-session-helper.service/memory.pressure'), ('XDG_SESSION_CLASS', 'user'), ('TERMINFO_DIRS', '/usr/share/terminfo:/run/host/usr/share/terminfo'), ('TERM', 'xterm-256color'), ('XDG_SESSION_ID', '1'), ('ROS_LOCALHOST_ONLY', '0'), ('GTK2_RC_FILES', '/etc/gtk-2.0/gtkrc:/home/gryd/.gtkrc-2.0:/home/gryd/.config/gtkrc-2.0'), ('LC_COLLATE', 'C'), ('PATH', '/opt/ros/humble/bin:/var/tmp/.vscode-server/bin/384ff7382de624fb94dbaf6da11977bba1ecd427/bin/remote-cli:/home/gryd/.local/bin:/usr/local/bin:/usr/local/sbin:/usr/local/bin:/usr/sbin:/usr/bin:/sbin:/bin'), ('SESSION_MANAGER', 'local/gryd-thinkpad:@/tmp/.ICE-unix/1753,unix/gryd-thinkpad:/tmp/.ICE-unix/1753'), ('INVOCATION_ID', 'd2413bb0726442f3aa40e62a07427826'), ('_ble_util_fdlist_cloexec', ''), ('XDG_MENU_PREFIX', 'plasma-'), ('LC_ADDRESS', 'en_US.UTF-8'), ('XDG_RUNTIME_DIR', '/run/user/1000'), ('ZIM_CONFIG_FILE', '/home/gryd/.config/zim/zimrc'), ('ICEAUTHORITY', '/run/user/1000/iceauth_mVrLtx'), ('REMOTE_CONTAINERS_SOCKETS', '["/tmp/.X11-unix/X9","/run/user/1000/gnupg/S.gpg-agent"]'), ('DISPLAY', ':9'), ('LANG', 'en_US.UTF-8'), ('XDG_CURRENT_DESKTOP', 'KDE'), ('LC_TELEPHONE', 'en_US.UTF-8'), ('XDG_DATA_HOME', '/home/gryd/.local/share'), ('XDG_CONFIG_HOME', '/home/gryd/.config'), ('XDG_SESSION_DESKTOP', 'KDE'), ('XAUTHORITY', '/run/user/1000/xauth_THgkWe'), ('LS_COLORS', 'di=1;34:ln=35:so=32:pi=33:ex=31:bd=1;36:cd=1;33:su=30;41:sg=30;46:tw=30;42:ow=30;43'), ('NVM_LAZY_LOAD', 'true'), ('VSCODE_GIT_IPC_HANDLE', '/run/user/1000/vscode-git-4a0e2494db.sock'), ('TERM_PROGRAM', 'vscode'), ('STARSHIP_CONFIG', '/home/gryd/.config/starship/starship.toml'), ('AMENT_PREFIX_PATH', '/opt/ros/humble'), ('UID', '1000'), ('REMOTE_CONTAINERS_DISPLAY_SOCK', '/tmp/.X11-unix/X9'), ('SHELL', '/usr/bin/bash'), ('LC_NAME', 'en_US.UTF-8'), ('LESS_TERMCAP_mb', '\x1b[1;31m'), ('LC_MEASUREMENT', 'en_US.UTF-8'), ('LINENO', '2'), ('LC_IDENTIFICATION', 'en_US.UTF-8'), ('VSCODE_GIT_ASKPASS_EXTRA_ARGS', ''), ('LESS_TERMCAP_md', '\x1b[1;31m'), ('ZSH_CUSTOM', '/home/gryd/.config/zsh/zsh-custom'), ('bleopt_connect_tty', '1'), ('PWD', '/home/gryd/Project/ros2-ws/build/pubsub'), ('CONTAINER_ID', 'ubuntu-distrobox'), ('QT_QPA_PLATFORM', 'xcb'), ('LESS_TERMCAP_me', '\x1b[0m'), ('NVM_CD_FLAGS', '-q'), ('XDG_DATA_DIRS', '/home/gryd/.local/share/flatpak/exports/share:/var/lib/flatpak/exports/share:'), ('_ble_util_fdvars_export', ''), ('RANGER_LOAD_DEFAULT_RC', 'false'), ('PYTHONPATH', '/opt/ros/humble/lib/python3.10/site-packages:/opt/ros/humble/local/lib/python3.10/dist-packages'), ('LC_NUMERIC', 'en_US.UTF-8'), ('LC_PAPER', 'en_US.UTF-8'), ('KDE_SESSION_UID', '1000'), ('COLCON', '1'), ('MEMORY_PRESSURE_WRITE', 'c29tZSAyMDAwMDAgMjAwMDAwMAA='), ('NVM_RC_VERSION', ''), ('EDITOR', 'nvim'), ('CMAKE_PREFIX_PATH', '/opt/ros/humble')]), 'shell': False}
[2.200411] (pubsub) StdoutLine: {'line': b'[ 50%] \x1b[32mBuilding CXX object CMakeFiles/sub.dir/src/sub.cpp.o\x1b[0m\n'}
[2.200716] (pubsub) StdoutLine: {'line': b'[ 50%] \x1b[32mBuilding CXX object CMakeFiles/pub.dir/src/pub.cpp.o\x1b[0m\n'}
[2.206428] (-) TimerEvent: {}
[2.306766] (-) TimerEvent: {}
[2.407127] (-) TimerEvent: {}
[2.507521] (-) TimerEvent: {}
[2.607871] (-) TimerEvent: {}
[2.708242] (-) TimerEvent: {}
[2.808608] (-) TimerEvent: {}
[2.909003] (-) TimerEvent: {}
[3.010231] (-) TimerEvent: {}
[3.110651] (-) TimerEvent: {}
[3.212039] (-) TimerEvent: {}
[3.312827] (-) TimerEvent: {}
[3.413684] (-) TimerEvent: {}
[3.514387] (-) TimerEvent: {}
[3.614848] (-) TimerEvent: {}
[3.715326] (-) TimerEvent: {}
[3.815849] (-) TimerEvent: {}
[3.916277] (-) TimerEvent: {}
[4.016804] (-) TimerEvent: {}
[4.117231] (-) TimerEvent: {}
[4.217692] (-) TimerEvent: {}
[4.318078] (-) TimerEvent: {}
[4.418503] (-) TimerEvent: {}
[4.518966] (-) TimerEvent: {}
[4.619379] (-) TimerEvent: {}
[4.719776] (-) TimerEvent: {}
[4.820174] (-) TimerEvent: {}
[4.920562] (-) TimerEvent: {}
[5.020945] (-) TimerEvent: {}
[5.121335] (-) TimerEvent: {}
[5.222055] (-) TimerEvent: {}
[5.323066] (-) TimerEvent: {}
[5.423845] (-) TimerEvent: {}
[5.524254] (-) TimerEvent: {}
[5.625867] (-) TimerEvent: {}
[5.729598] (-) TimerEvent: {}
[5.830698] (-) TimerEvent: {}
[5.931420] (-) TimerEvent: {}
[6.031806] (-) TimerEvent: {}
[6.132573] (-) TimerEvent: {}
[6.233037] (-) TimerEvent: {}
[6.333693] (-) TimerEvent: {}
[6.434090] (-) TimerEvent: {}
[6.534509] (-) TimerEvent: {}
[6.634934] (-) TimerEvent: {}
[6.735344] (-) TimerEvent: {}
[6.836000] (-) TimerEvent: {}
[6.936384] (-) TimerEvent: {}
[7.038043] (-) TimerEvent: {}
[7.141752] (-) TimerEvent: {}
[7.245376] (-) TimerEvent: {}
[7.351287] (-) TimerEvent: {}
[7.451712] (-) TimerEvent: {}
[7.552193] (-) TimerEvent: {}
[7.652971] (-) TimerEvent: {}
[7.753600] (-) TimerEvent: {}
[7.854267] (-) TimerEvent: {}
[7.954696] (-) TimerEvent: {}
[8.055858] (-) TimerEvent: {}
[8.156250] (-) TimerEvent: {}
[8.256888] (-) TimerEvent: {}
[8.357300] (-) TimerEvent: {}
[8.462557] (-) TimerEvent: {}
[8.563026] (-) TimerEvent: {}
[8.665867] (-) TimerEvent: {}
[8.767456] (-) TimerEvent: {}
[8.867987] (-) TimerEvent: {}
[8.968634] (-) TimerEvent: {}
[9.069027] (-) TimerEvent: {}
[9.169461] (-) TimerEvent: {}
[9.269854] (-) TimerEvent: {}
[9.370838] (-) TimerEvent: {}
[9.471396] (-) TimerEvent: {}
[9.571801] (-) TimerEvent: {}
[9.672208] (-) TimerEvent: {}
[9.772710] (-) TimerEvent: {}
[9.874400] (-) TimerEvent: {}
[9.974824] (-) TimerEvent: {}
[10.075296] (-) TimerEvent: {}
[10.176247] (-) TimerEvent: {}
[10.277301] (-) TimerEvent: {}
[10.377884] (-) TimerEvent: {}
[10.478336] (-) TimerEvent: {}
[10.578788] (-) TimerEvent: {}
[10.591345] (pubsub) StdoutLine: {'line': b'[ 75%] \x1b[32m\x1b[1mLinking CXX executable pub\x1b[0m\n'}
[10.679116] (-) TimerEvent: {}
[10.779596] (-) TimerEvent: {}
[10.880046] (-) TimerEvent: {}
[10.980629] (-) TimerEvent: {}
[11.054655] (pubsub) StdoutLine: {'line': b'[ 75%] Built target pub\n'}
[11.080745] (-) TimerEvent: {}
[11.181127] (-) TimerEvent: {}
[11.281579] (-) TimerEvent: {}
[11.382067] (-) TimerEvent: {}
[11.482454] (-) TimerEvent: {}
[11.582911] (-) TimerEvent: {}
[11.683557] (-) TimerEvent: {}
[11.783981] (-) TimerEvent: {}
[11.884456] (-) TimerEvent: {}
[11.984938] (-) TimerEvent: {}
[12.085399] (-) TimerEvent: {}
[12.185742] (-) TimerEvent: {}
[12.286135] (-) TimerEvent: {}
[12.386469] (-) TimerEvent: {}
[12.486828] (-) TimerEvent: {}
[12.587182] (-) TimerEvent: {}
[12.687539] (-) TimerEvent: {}
[12.787881] (-) TimerEvent: {}
[12.888283] (-) TimerEvent: {}
[12.988651] (-) TimerEvent: {}
[13.089079] (-) TimerEvent: {}
[13.190136] (-) TimerEvent: {}
[13.295955] (-) TimerEvent: {}
[13.397147] (-) TimerEvent: {}
[13.497873] (-) TimerEvent: {}
[13.600248] (-) TimerEvent: {}
[13.700923] (-) TimerEvent: {}
[13.801385] (-) TimerEvent: {}
[13.902005] (-) TimerEvent: {}
[14.005959] (-) TimerEvent: {}
[14.107134] (-) TimerEvent: {}
[14.208680] (-) TimerEvent: {}
[14.316805] (-) TimerEvent: {}
[14.417271] (-) TimerEvent: {}
[14.517719] (-) TimerEvent: {}
[14.618161] (-) TimerEvent: {}
[14.722531] (-) TimerEvent: {}
[14.823005] (-) TimerEvent: {}
[14.923505] (-) TimerEvent: {}
[15.023982] (-) TimerEvent: {}
[15.124342] (-) TimerEvent: {}
[15.224702] (-) TimerEvent: {}
[15.325059] (-) TimerEvent: {}
[15.425424] (-) TimerEvent: {}
[15.525807] (-) TimerEvent: {}
[15.626157] (-) TimerEvent: {}
[15.726517] (-) TimerEvent: {}
[15.826925] (-) TimerEvent: {}
[15.927464] (-) TimerEvent: {}
[16.027856] (-) TimerEvent: {}
[16.128305] (-) TimerEvent: {}
[16.228927] (-) TimerEvent: {}
[16.330575] (-) TimerEvent: {}
[16.431041] (-) TimerEvent: {}
[16.531456] (-) TimerEvent: {}
[16.631941] (-) TimerEvent: {}
[16.732409] (-) TimerEvent: {}
[16.832937] (-) TimerEvent: {}
[16.933574] (-) TimerEvent: {}
[16.945322] (pubsub) StdoutLine: {'line': b'[100%] \x1b[32m\x1b[1mLinking CXX executable sub\x1b[0m\n'}
[17.033714] (-) TimerEvent: {}
[17.134366] (-) TimerEvent: {}
[17.235231] (-) TimerEvent: {}
[17.336462] (-) TimerEvent: {}
[17.437021] (-) TimerEvent: {}
[17.537470] (-) TimerEvent: {}
[17.637981] (-) TimerEvent: {}
[17.738318] (-) TimerEvent: {}
[17.799504] (pubsub) StdoutLine: {'line': b'[100%] Built target sub\n'}
[17.811736] (pubsub) CommandEnded: {'returncode': 0}
[17.838416] (-) TimerEvent: {}
[17.842593] (pubsub) JobProgress: {'identifier': 'pubsub', 'progress': 'install'}
[17.858598] (pubsub) Command: {'cmd': ['/usr/bin/cmake', '--install', '/home/gryd/Project/ros2-ws/build/pubsub'], 'cwd': '/home/gryd/Project/ros2-ws/build/pubsub', 'env': OrderedDict([('KDE_FULL_SESSION', 'true'), ('BLE_SESSION_ID', '1729408480.517138/782105'), ('MAIL', '/var/spool/mail/gryd'), ('USER', 'gryd'), ('PAM_KWALLET5_LOGIN', '/run/user/1000/kwallet5.socket'), ('LESS_TERMCAP_ue', '\x1b[0m'), ('LC_TIME', 'en_US.UTF-8'), ('HOSTNAME', 'gryd-thinkpad'), ('XDG_SESSION_TYPE', 'wayland'), ('GIT_ASKPASS', '/var/tmp/.vscode-server/bin/384ff7382de624fb94dbaf6da11977bba1ecd427/extensions/git/dist/askpass.sh'), ('GREP_COLOR', '37;45'), ('QT_WAYLAND_RECONNECT', '1'), ('SHLVL', '2'), ('LD_LIBRARY_PATH', '/opt/ros/humble/opt/rviz_ogre_vendor/lib:/opt/ros/humble/lib/x86_64-linux-gnu:/opt/ros/humble/lib'), ('BROWSER', '/var/tmp/.vscode-server/bin/384ff7382de624fb94dbaf6da11977bba1ecd427/bin/helpers/browser.sh'), ('HISTIGNORE', '&:[ ]*:exit:ls:bg:fg:history:clear'), ('LESS', '--ignore-case --jump-target=4 --LONG-PROMPT --no-init --quit-if-one-screen --RAW-CONTROL-CHARS'), ('HOME', '/home/gryd'), ('NVM_COMPLETION', 'true'), ('KDE_APPLICATIONS_AS_SCOPE', '1'), ('OLDPWD', '/var/tmp/.vscode-server/bin/384ff7382de624fb94dbaf6da11977bba1ecd427'), ('TERM_PROGRAM_VERSION', '1.94.2'), ('VSCODE_IPC_HOOK_CLI', '/run/user/1000/vscode-ipc-0ea3ccf8-e832-4401-879b-7425e94ef803.sock'), ('ROS_PYTHON_VERSION', '3'), ('GTK_RC_FILES', '/etc/gtk/gtkrc:/home/gryd/.gtkrc:/home/gryd/.config/gtkrc'), ('KDE_SESSION_VERSION', '6'), ('PAGER', 'less'), ('VSCODE_GIT_ASKPASS_MAIN', '/var/tmp/.vscode-server/bin/384ff7382de624fb94dbaf6da11977bba1ecd427/extensions/git/dist/askpass-main.js'), ('LC_MONETARY', 'en_US.UTF-8'), ('GREP_COLORS', 'mt=37;45'), ('VSCODE_GIT_ASKPASS_NODE', '/var/tmp/.vscode-server/bin/384ff7382de624fb94dbaf6da11977bba1ecd427/node'), ('MANAGERPID', '1553'), ('SYSTEMD_EXEC_PID', '6179'), ('XDG_STATE_HOME', '/home/gryd/.local/state'), ('DBUS_SESSION_BUS_ADDRESS', 'unix:path=/run/user/1000/bus'), ('COLORTERM', 'truecolor'), ('container', 'sudo docker'), ('REMOTE_CONTAINERS', 'true'), ('NVM_DIR', '/home/gryd/.nvm'), ('TMUX_TMPDIR', '/var/tmp'), ('WAYLAND_DISPLAY', 'wayland-0'), ('COLCON_PREFIX_PATH', '/home/gryd/Project/ros2_humble/install'), ('XKB_DEFAULT_LAYOUT', 'us'), ('ROS_DISTRO', 'humble'), ('REMOTE_CONTAINERS_IPC', '/tmp/vscode-remote-containers-ipc-b0e65f82-7684-4ed8-8103-da57e8a774e0.sock'), ('LOGNAME', 'gryd'), ('LESS_TERMCAP_us', '\x1b[1;32m'), ('QT_AUTO_SCREEN_SCALE_FACTOR', '0'), ('JOURNAL_STREAM', '8:35027'), ('_', '/usr/bin/colcon'), ('ROS_VERSION', '2'), ('MEMORY_PRESSURE_WATCH', '/sys/fs/cgroup/user.slice/user-1000.slice/user@1000.service/app.slice/flatpak-session-helper.service/memory.pressure'), ('XDG_SESSION_CLASS', 'user'), ('TERMINFO_DIRS', '/usr/share/terminfo:/run/host/usr/share/terminfo'), ('TERM', 'xterm-256color'), ('XDG_SESSION_ID', '1'), ('ROS_LOCALHOST_ONLY', '0'), ('GTK2_RC_FILES', '/etc/gtk-2.0/gtkrc:/home/gryd/.gtkrc-2.0:/home/gryd/.config/gtkrc-2.0'), ('LC_COLLATE', 'C'), ('PATH', '/opt/ros/humble/bin:/var/tmp/.vscode-server/bin/384ff7382de624fb94dbaf6da11977bba1ecd427/bin/remote-cli:/home/gryd/.local/bin:/usr/local/bin:/usr/local/sbin:/usr/local/bin:/usr/sbin:/usr/bin:/sbin:/bin'), ('SESSION_MANAGER', 'local/gryd-thinkpad:@/tmp/.ICE-unix/1753,unix/gryd-thinkpad:/tmp/.ICE-unix/1753'), ('INVOCATION_ID', 'd2413bb0726442f3aa40e62a07427826'), ('_ble_util_fdlist_cloexec', ''), ('XDG_MENU_PREFIX', 'plasma-'), ('LC_ADDRESS', 'en_US.UTF-8'), ('XDG_RUNTIME_DIR', '/run/user/1000'), ('ZIM_CONFIG_FILE', '/home/gryd/.config/zim/zimrc'), ('ICEAUTHORITY', '/run/user/1000/iceauth_mVrLtx'), ('REMOTE_CONTAINERS_SOCKETS', '["/tmp/.X11-unix/X9","/run/user/1000/gnupg/S.gpg-agent"]'), ('DISPLAY', ':9'), ('LANG', 'en_US.UTF-8'), ('XDG_CURRENT_DESKTOP', 'KDE'), ('LC_TELEPHONE', 'en_US.UTF-8'), ('XDG_DATA_HOME', '/home/gryd/.local/share'), ('XDG_CONFIG_HOME', '/home/gryd/.config'), ('XDG_SESSION_DESKTOP', 'KDE'), ('XAUTHORITY', '/run/user/1000/xauth_THgkWe'), ('LS_COLORS', 'di=1;34:ln=35:so=32:pi=33:ex=31:bd=1;36:cd=1;33:su=30;41:sg=30;46:tw=30;42:ow=30;43'), ('NVM_LAZY_LOAD', 'true'), ('VSCODE_GIT_IPC_HANDLE', '/run/user/1000/vscode-git-4a0e2494db.sock'), ('TERM_PROGRAM', 'vscode'), ('STARSHIP_CONFIG', '/home/gryd/.config/starship/starship.toml'), ('AMENT_PREFIX_PATH', '/opt/ros/humble'), ('UID', '1000'), ('REMOTE_CONTAINERS_DISPLAY_SOCK', '/tmp/.X11-unix/X9'), ('SHELL', '/usr/bin/bash'), ('LC_NAME', 'en_US.UTF-8'), ('LESS_TERMCAP_mb', '\x1b[1;31m'), ('LC_MEASUREMENT', 'en_US.UTF-8'), ('LINENO', '2'), ('LC_IDENTIFICATION', 'en_US.UTF-8'), ('VSCODE_GIT_ASKPASS_EXTRA_ARGS', ''), ('LESS_TERMCAP_md', '\x1b[1;31m'), ('ZSH_CUSTOM', '/home/gryd/.config/zsh/zsh-custom'), ('bleopt_connect_tty', '1'), ('PWD', '/home/gryd/Project/ros2-ws/build/pubsub'), ('CONTAINER_ID', 'ubuntu-distrobox'), ('QT_QPA_PLATFORM', 'xcb'), ('LESS_TERMCAP_me', '\x1b[0m'), ('NVM_CD_FLAGS', '-q'), ('XDG_DATA_DIRS', '/home/gryd/.local/share/flatpak/exports/share:/var/lib/flatpak/exports/share:'), ('_ble_util_fdvars_export', ''), ('RANGER_LOAD_DEFAULT_RC', 'false'), ('PYTHONPATH', '/opt/ros/humble/lib/python3.10/site-packages:/opt/ros/humble/local/lib/python3.10/dist-packages'), ('LC_NUMERIC', 'en_US.UTF-8'), ('LC_PAPER', 'en_US.UTF-8'), ('KDE_SESSION_UID', '1000'), ('COLCON', '1'), ('MEMORY_PRESSURE_WRITE', 'c29tZSAyMDAwMDAgMjAwMDAwMAA='), ('NVM_RC_VERSION', ''), ('EDITOR', 'nvim'), ('CMAKE_PREFIX_PATH', '/opt/ros/humble')]), 'shell': False}
[17.868461] (pubsub) StdoutLine: {'line': b'-- Install configuration: ""\n'}
[17.869431] (pubsub) StdoutLine: {'line': b'-- Installing: /home/gryd/Project/ros2-ws/install/pubsub/lib/pubsub/pub\n'}
[17.871783] (pubsub) StdoutLine: {'line': b'-- Set runtime path of "/home/gryd/Project/ros2-ws/install/pubsub/lib/pubsub/pub" to ""\n'}
[17.872570] (pubsub) StdoutLine: {'line': b'-- Installing: /home/gryd/Project/ros2-ws/install/pubsub/lib/pubsub/sub\n'}
[17.878550] (pubsub) StdoutLine: {'line': b'-- Set runtime path of "/home/gryd/Project/ros2-ws/install/pubsub/lib/pubsub/sub" to ""\n'}
[17.879015] (pubsub) StdoutLine: {'line': b'-- Installing: /home/gryd/Project/ros2-ws/install/pubsub/share/ament_index/resource_index/package_run_dependencies/pubsub\n'}
[17.879345] (pubsub) StdoutLine: {'line': b'-- Installing: /home/gryd/Project/ros2-ws/install/pubsub/share/ament_index/resource_index/parent_prefix_path/pubsub\n'}
[17.879572] (pubsub) StdoutLine: {'line': b'-- Installing: /home/gryd/Project/ros2-ws/install/pubsub/share/pubsub/environment/ament_prefix_path.sh\n'}
[17.879813] (pubsub) StdoutLine: {'line': b'-- Installing: /home/gryd/Project/ros2-ws/install/pubsub/share/pubsub/environment/ament_prefix_path.dsv\n'}
[17.880314] (pubsub) StdoutLine: {'line': b'-- Installing: /home/gryd/Project/ros2-ws/install/pubsub/share/pubsub/environment/path.sh\n'}
[17.880744] (pubsub) StdoutLine: {'line': b'-- Installing: /home/gryd/Project/ros2-ws/install/pubsub/share/pubsub/environment/path.dsv\n'}
[17.880983] (pubsub) StdoutLine: {'line': b'-- Installing: /home/gryd/Project/ros2-ws/install/pubsub/share/pubsub/local_setup.bash\n'}
[17.881157] (pubsub) StdoutLine: {'line': b'-- Installing: /home/gryd/Project/ros2-ws/install/pubsub/share/pubsub/local_setup.sh\n'}
[17.881360] (pubsub) StdoutLine: {'line': b'-- Installing: /home/gryd/Project/ros2-ws/install/pubsub/share/pubsub/local_setup.zsh\n'}
[17.881560] (pubsub) StdoutLine: {'line': b'-- Installing: /home/gryd/Project/ros2-ws/install/pubsub/share/pubsub/local_setup.dsv\n'}
[17.881774] (pubsub) StdoutLine: {'line': b'-- Installing: /home/gryd/Project/ros2-ws/install/pubsub/share/pubsub/package.dsv\n'}
[17.882211] (pubsub) StdoutLine: {'line': b'-- Installing: /home/gryd/Project/ros2-ws/install/pubsub/share/ament_index/resource_index/packages/pubsub\n'}
[17.882506] (pubsub) StdoutLine: {'line': b'-- Installing: /home/gryd/Project/ros2-ws/install/pubsub/share/pubsub/cmake/pubsubConfig.cmake\n'}
[17.882753] (pubsub) StdoutLine: {'line': b'-- Installing: /home/gryd/Project/ros2-ws/install/pubsub/share/pubsub/cmake/pubsubConfig-version.cmake\n'}
[17.882940] (pubsub) StdoutLine: {'line': b'-- Installing: /home/gryd/Project/ros2-ws/install/pubsub/share/pubsub/package.xml\n'}
[17.884776] (pubsub) CommandEnded: {'returncode': 0}
[17.938513] (-) TimerEvent: {}
[17.962625] (pubsub) JobEnded: {'identifier': 'pubsub', 'rc': 0}
[17.963742] (-) EventReactorShutdown: {}
