[0.139s] DEBUG:colcon:Command line arguments: ['/usr/bin/colcon', 'build']
[0.139s] DEBUG:colcon:Parsed command line arguments: Namespace(log_base=None, log_level=None, verb_name='build', build_base='build', install_base='install', merge_install=False, symlink_install=False, test_result_base=None, continue_on_error=False, executor='parallel', parallel_workers=4, event_handlers=None, ignore_user_meta=False, metas=['./colcon.meta'], base_paths=['.'], packages_ignore=None, packages_ignore_regex=None, paths=None, packages_up_to=None, packages_up_to_regex=None, packages_above=None, packages_above_and_dependencies=None, packages_above_depth=None, packages_select_by_dep=None, packages_skip_by_dep=None, packages_skip_up_to=None, packages_select_build_failed=False, packages_skip_build_finished=False, packages_select_test_failures=False, packages_skip_test_passed=False, packages_select=None, packages_skip=None, packages_select_regex=None, packages_skip_regex=None, packages_start=None, packages_end=None, allow_overriding=[], cmake_args=None, cmake_target=None, cmake_target_skip_unavailable=False, cmake_clean_cache=False, cmake_clean_first=False, cmake_force_configure=False, ament_cmake_args=None, catkin_cmake_args=None, catkin_skip_building_tests=False, verb_parser=<colcon_defaults.argument_parser.defaults.DefaultArgumentsDecorator object at 0x72a3e48fc340>, verb_extension=<colcon_core.verb.build.BuildVerb object at 0x72a3e4b07df0>, main=<bound method BuildVerb.main of <colcon_core.verb.build.BuildVerb object at 0x72a3e4b07df0>>)
[0.355s] Level 1:colcon.colcon_core.package_discovery:discover_packages(colcon_meta) check parameters
[0.355s] Level 1:colcon.colcon_core.package_discovery:discover_packages(recursive) check parameters
[0.355s] Level 1:colcon.colcon_core.package_discovery:discover_packages(ignore) check parameters
[0.355s] Level 1:colcon.colcon_core.package_discovery:discover_packages(path) check parameters
[0.356s] Level 1:colcon.colcon_core.package_discovery:discover_packages(colcon_meta) discover
[0.356s] Level 1:colcon.colcon_core.package_discovery:discover_packages(recursive) discover
[0.356s] INFO:colcon.colcon_core.package_discovery:Crawling recursively for packages in '/home/gryd/Project/ros2-ws'
[0.356s] Level 1:colcon.colcon_core.package_identification:_identify(.) by extensions ['ignore', 'ignore_ament_install']
[0.356s] Level 1:colcon.colcon_core.package_identification:_identify(.) by extension 'ignore'
[0.356s] Level 1:colcon.colcon_core.package_identification:_identify(.) by extension 'ignore_ament_install'
[0.356s] Level 1:colcon.colcon_core.package_identification:_identify(.) by extensions ['colcon_pkg']
[0.356s] Level 1:colcon.colcon_core.package_identification:_identify(.) by extension 'colcon_pkg'
[0.356s] Level 1:colcon.colcon_core.package_identification:_identify(.) by extensions ['colcon_meta']
[0.356s] Level 1:colcon.colcon_core.package_identification:_identify(.) by extension 'colcon_meta'
[0.356s] Level 1:colcon.colcon_core.package_identification:_identify(.) by extensions ['ros']
[0.356s] Level 1:colcon.colcon_core.package_identification:_identify(.) by extension 'ros'
[0.370s] Level 1:colcon.colcon_core.package_identification:_identify(.) by extensions ['cmake', 'python']
[0.370s] Level 1:colcon.colcon_core.package_identification:_identify(.) by extension 'cmake'
[0.370s] Level 1:colcon.colcon_core.package_identification:_identify(.) by extension 'python'
[0.370s] Level 1:colcon.colcon_core.package_identification:_identify(.) by extensions ['python_setup_py']
[0.370s] Level 1:colcon.colcon_core.package_identification:_identify(.) by extension 'python_setup_py'
[0.370s] Level 1:colcon.colcon_core.package_identification:_identify(build) by extensions ['ignore', 'ignore_ament_install']
[0.370s] Level 1:colcon.colcon_core.package_identification:_identify(build) by extension 'ignore'
[0.371s] Level 1:colcon.colcon_core.package_identification:_identify(build) ignored
[0.371s] Level 1:colcon.colcon_core.package_identification:_identify(install) by extensions ['ignore', 'ignore_ament_install']
[0.371s] Level 1:colcon.colcon_core.package_identification:_identify(install) by extension 'ignore'
[0.371s] Level 1:colcon.colcon_core.package_identification:_identify(install) ignored
[0.371s] Level 1:colcon.colcon_core.package_identification:_identify(log) by extensions ['ignore', 'ignore_ament_install']
[0.371s] Level 1:colcon.colcon_core.package_identification:_identify(log) by extension 'ignore'
[0.371s] Level 1:colcon.colcon_core.package_identification:_identify(log) ignored
[0.371s] Level 1:colcon.colcon_core.package_identification:_identify(src) by extensions ['ignore', 'ignore_ament_install']
[0.371s] Level 1:colcon.colcon_core.package_identification:_identify(src) by extension 'ignore'
[0.371s] Level 1:colcon.colcon_core.package_identification:_identify(src) by extension 'ignore_ament_install'
[0.372s] Level 1:colcon.colcon_core.package_identification:_identify(src) by extensions ['colcon_pkg']
[0.372s] Level 1:colcon.colcon_core.package_identification:_identify(src) by extension 'colcon_pkg'
[0.372s] Level 1:colcon.colcon_core.package_identification:_identify(src) by extensions ['colcon_meta']
[0.372s] Level 1:colcon.colcon_core.package_identification:_identify(src) by extension 'colcon_meta'
[0.372s] Level 1:colcon.colcon_core.package_identification:_identify(src) by extensions ['ros']
[0.372s] Level 1:colcon.colcon_core.package_identification:_identify(src) by extension 'ros'
[0.372s] Level 1:colcon.colcon_core.package_identification:_identify(src) by extensions ['cmake', 'python']
[0.372s] Level 1:colcon.colcon_core.package_identification:_identify(src) by extension 'cmake'
[0.372s] Level 1:colcon.colcon_core.package_identification:_identify(src) by extension 'python'
[0.372s] Level 1:colcon.colcon_core.package_identification:_identify(src) by extensions ['python_setup_py']
[0.372s] Level 1:colcon.colcon_core.package_identification:_identify(src) by extension 'python_setup_py'
[0.372s] Level 1:colcon.colcon_core.package_identification:_identify(src/pubsub) by extensions ['ignore', 'ignore_ament_install']
[0.372s] Level 1:colcon.colcon_core.package_identification:_identify(src/pubsub) by extension 'ignore'
[0.373s] Level 1:colcon.colcon_core.package_identification:_identify(src/pubsub) by extension 'ignore_ament_install'
[0.373s] Level 1:colcon.colcon_core.package_identification:_identify(src/pubsub) by extensions ['colcon_pkg']
[0.373s] Level 1:colcon.colcon_core.package_identification:_identify(src/pubsub) by extension 'colcon_pkg'
[0.373s] Level 1:colcon.colcon_core.package_identification:_identify(src/pubsub) by extensions ['colcon_meta']
[0.373s] Level 1:colcon.colcon_core.package_identification:_identify(src/pubsub) by extension 'colcon_meta'
[0.373s] Level 1:colcon.colcon_core.package_identification:_identify(src/pubsub) by extensions ['ros']
[0.373s] Level 1:colcon.colcon_core.package_identification:_identify(src/pubsub) by extension 'ros'
[0.378s] DEBUG:colcon.colcon_core.package_identification:Package 'src/pubsub' with type 'ros.ament_cmake' and name 'pubsub'
[0.378s] Level 1:colcon.colcon_core.package_discovery:discover_packages(recursive) using defaults
[0.378s] Level 1:colcon.colcon_core.package_discovery:discover_packages(ignore) discover
[0.378s] Level 1:colcon.colcon_core.package_discovery:discover_packages(ignore) using defaults
[0.378s] Level 1:colcon.colcon_core.package_discovery:discover_packages(path) discover
[0.378s] Level 1:colcon.colcon_core.package_discovery:discover_packages(path) using defaults
[0.401s] Level 1:colcon.colcon_core.package_discovery:discover_packages(prefix_path) check parameters
[0.401s] Level 1:colcon.colcon_core.package_discovery:discover_packages(prefix_path) discover
[0.403s] DEBUG:colcon.colcon_installed_package_information.package_discovery:Found 0 installed packages in /home/gryd/Project/ros2_humble/install
[0.404s] DEBUG:colcon.colcon_installed_package_information.package_discovery:Found 300 installed packages in /opt/ros/humble
[0.406s] Level 1:colcon.colcon_core.package_discovery:discover_packages(prefix_path) using defaults
[0.475s] Level 5:colcon.colcon_core.verb:set package 'pubsub' build argument 'cmake_args' from command line to 'None'
[0.475s] Level 5:colcon.colcon_core.verb:set package 'pubsub' build argument 'cmake_target' from command line to 'None'
[0.475s] Level 5:colcon.colcon_core.verb:set package 'pubsub' build argument 'cmake_target_skip_unavailable' from command line to 'False'
[0.475s] Level 5:colcon.colcon_core.verb:set package 'pubsub' build argument 'cmake_clean_cache' from command line to 'False'
[0.475s] Level 5:colcon.colcon_core.verb:set package 'pubsub' build argument 'cmake_clean_first' from command line to 'False'
[0.475s] Level 5:colcon.colcon_core.verb:set package 'pubsub' build argument 'cmake_force_configure' from command line to 'False'
[0.475s] Level 5:colcon.colcon_core.verb:set package 'pubsub' build argument 'ament_cmake_args' from command line to 'None'
[0.475s] Level 5:colcon.colcon_core.verb:set package 'pubsub' build argument 'catkin_cmake_args' from command line to 'None'
[0.475s] Level 5:colcon.colcon_core.verb:set package 'pubsub' build argument 'catkin_skip_building_tests' from command line to 'False'
[0.475s] DEBUG:colcon.colcon_core.verb:Building package 'pubsub' with the following arguments: {'ament_cmake_args': None, 'build_base': '/home/gryd/Project/ros2-ws/build/pubsub', 'catkin_cmake_args': None, 'catkin_skip_building_tests': False, 'cmake_args': None, 'cmake_clean_cache': False, 'cmake_clean_first': False, 'cmake_force_configure': False, 'cmake_target': None, 'cmake_target_skip_unavailable': False, 'install_base': '/home/gryd/Project/ros2-ws/install/pubsub', 'merge_install': False, 'path': '/home/gryd/Project/ros2-ws/src/pubsub', 'symlink_install': False, 'test_result_base': None}
[0.475s] INFO:colcon.colcon_core.executor:Executing jobs using 'parallel' executor
[0.477s] DEBUG:colcon.colcon_parallel_executor.executor.parallel:run_until_complete
[0.477s] INFO:colcon.colcon_ros.task.ament_cmake.build:Building ROS package in '/home/gryd/Project/ros2-ws/src/pubsub' with build type 'ament_cmake'
[0.478s] INFO:colcon.colcon_cmake.task.cmake.build:Building CMake package in '/home/gryd/Project/ros2-ws/src/pubsub'
[0.480s] INFO:colcon.colcon_core.plugin_system:Skipping extension 'colcon_core.shell.bat': Not used on non-Windows systems
[0.480s] INFO:colcon.colcon_core.shell:Skip shell extension 'powershell' for command environment: Not usable outside of PowerShell
[0.480s] DEBUG:colcon.colcon_core.shell:Skip shell extension 'dsv' for command environment
[0.492s] DEBUG:colcon.colcon_core.event_handler.log_command:Invoking command in '/home/gryd/Project/ros2-ws/build/pubsub': CMAKE_PREFIX_PATH=/opt/ros/humble /usr/bin/cmake /home/gryd/Project/ros2-ws/src/pubsub -DCMAKE_INSTALL_PREFIX=/home/gryd/Project/ros2-ws/install/pubsub
[2.616s] DEBUG:colcon.colcon_core.event_handler.log_command:Invoked command in '/home/gryd/Project/ros2-ws/build/pubsub' returned '0': CMAKE_PREFIX_PATH=/opt/ros/humble /usr/bin/cmake /home/gryd/Project/ros2-ws/src/pubsub -DCMAKE_INSTALL_PREFIX=/home/gryd/Project/ros2-ws/install/pubsub
[2.621s] DEBUG:colcon.colcon_core.event_handler.log_command:Invoking command in '/home/gryd/Project/ros2-ws/build/pubsub': CMAKE_PREFIX_PATH=/opt/ros/humble /usr/bin/cmake --build /home/gryd/Project/ros2-ws/build/pubsub -- -j4 -l4
[18.289s] DEBUG:colcon.colcon_core.event_handler.log_command:Invoked command in '/home/gryd/Project/ros2-ws/build/pubsub' returned '0': CMAKE_PREFIX_PATH=/opt/ros/humble /usr/bin/cmake --build /home/gryd/Project/ros2-ws/build/pubsub -- -j4 -l4
[18.337s] DEBUG:colcon.colcon_core.event_handler.log_command:Invoking command in '/home/gryd/Project/ros2-ws/build/pubsub': CMAKE_PREFIX_PATH=/opt/ros/humble /usr/bin/cmake --install /home/gryd/Project/ros2-ws/build/pubsub
[18.361s] Level 1:colcon.colcon_core.environment:create_environment_scripts_only(pubsub)
[18.362s] DEBUG:colcon.colcon_core.event_handler.log_command:Invoked command in '/home/gryd/Project/ros2-ws/build/pubsub' returned '0': CMAKE_PREFIX_PATH=/opt/ros/humble /usr/bin/cmake --install /home/gryd/Project/ros2-ws/build/pubsub
[18.369s] Level 1:colcon.colcon_core.environment:checking '/home/gryd/Project/ros2-ws/install/pubsub' for CMake module files
[18.369s] Level 1:colcon.colcon_core.environment:checking '/home/gryd/Project/ros2-ws/install/pubsub' for CMake config files
[18.369s] Level 1:colcon.colcon_core.shell:create_environment_hook('pubsub', 'cmake_prefix_path')
[18.370s] INFO:colcon.colcon_core.shell:Creating environment hook '/home/gryd/Project/ros2-ws/install/pubsub/share/pubsub/hook/cmake_prefix_path.ps1'
[18.371s] INFO:colcon.colcon_core.shell:Creating environment descriptor '/home/gryd/Project/ros2-ws/install/pubsub/share/pubsub/hook/cmake_prefix_path.dsv'
[18.373s] INFO:colcon.colcon_core.shell:Creating environment hook '/home/gryd/Project/ros2-ws/install/pubsub/share/pubsub/hook/cmake_prefix_path.sh'
[18.376s] Level 1:colcon.colcon_core.environment:checking '/home/gryd/Project/ros2-ws/install/pubsub/lib'
[18.376s] Level 1:colcon.colcon_core.environment:checking '/home/gryd/Project/ros2-ws/install/pubsub/bin'
[18.376s] Level 1:colcon.colcon_core.environment:checking '/home/gryd/Project/ros2-ws/install/pubsub/lib/pkgconfig/pubsub.pc'
[18.377s] Level 1:colcon.colcon_core.environment:checking '/home/gryd/Project/ros2-ws/install/pubsub/lib/python3.10/site-packages'
[18.377s] Level 1:colcon.colcon_core.environment:checking '/home/gryd/Project/ros2-ws/install/pubsub/bin'
[18.377s] INFO:colcon.colcon_core.shell:Creating package script '/home/gryd/Project/ros2-ws/install/pubsub/share/pubsub/package.ps1'
[18.379s] INFO:colcon.colcon_core.shell:Creating package descriptor '/home/gryd/Project/ros2-ws/install/pubsub/share/pubsub/package.dsv'
[18.381s] INFO:colcon.colcon_core.shell:Creating package script '/home/gryd/Project/ros2-ws/install/pubsub/share/pubsub/package.sh'
[18.382s] INFO:colcon.colcon_core.shell:Creating package script '/home/gryd/Project/ros2-ws/install/pubsub/share/pubsub/package.bash'
[18.383s] INFO:colcon.colcon_core.shell:Creating package script '/home/gryd/Project/ros2-ws/install/pubsub/share/pubsub/package.zsh'
[18.385s] Level 1:colcon.colcon_core.environment:create_file_with_runtime_dependencies(/home/gryd/Project/ros2-ws/install/pubsub/share/colcon-core/packages/pubsub)
[18.419s] Level 1:colcon.colcon_core.environment:create_environment_scripts_only(pubsub)
[18.420s] Level 1:colcon.colcon_core.environment:checking '/home/gryd/Project/ros2-ws/install/pubsub' for CMake module files
[18.420s] Level 1:colcon.colcon_core.environment:checking '/home/gryd/Project/ros2-ws/install/pubsub' for CMake config files
[18.420s] Level 1:colcon.colcon_core.shell:create_environment_hook('pubsub', 'cmake_prefix_path')
[18.421s] INFO:colcon.colcon_core.shell:Creating environment hook '/home/gryd/Project/ros2-ws/install/pubsub/share/pubsub/hook/cmake_prefix_path.ps1'
[18.422s] INFO:colcon.colcon_core.shell:Creating environment descriptor '/home/gryd/Project/ros2-ws/install/pubsub/share/pubsub/hook/cmake_prefix_path.dsv'
[18.423s] INFO:colcon.colcon_core.shell:Creating environment hook '/home/gryd/Project/ros2-ws/install/pubsub/share/pubsub/hook/cmake_prefix_path.sh'
[18.424s] Level 1:colcon.colcon_core.environment:checking '/home/gryd/Project/ros2-ws/install/pubsub/lib'
[18.424s] Level 1:colcon.colcon_core.environment:checking '/home/gryd/Project/ros2-ws/install/pubsub/bin'
[18.424s] Level 1:colcon.colcon_core.environment:checking '/home/gryd/Project/ros2-ws/install/pubsub/lib/pkgconfig/pubsub.pc'
[18.425s] Level 1:colcon.colcon_core.environment:checking '/home/gryd/Project/ros2-ws/install/pubsub/lib/python3.10/site-packages'
[18.425s] Level 1:colcon.colcon_core.environment:checking '/home/gryd/Project/ros2-ws/install/pubsub/bin'
[18.426s] INFO:colcon.colcon_core.shell:Creating package script '/home/gryd/Project/ros2-ws/install/pubsub/share/pubsub/package.ps1'
[18.427s] INFO:colcon.colcon_core.shell:Creating package descriptor '/home/gryd/Project/ros2-ws/install/pubsub/share/pubsub/package.dsv'
[18.429s] INFO:colcon.colcon_core.shell:Creating package script '/home/gryd/Project/ros2-ws/install/pubsub/share/pubsub/package.sh'
[18.433s] INFO:colcon.colcon_core.shell:Creating package script '/home/gryd/Project/ros2-ws/install/pubsub/share/pubsub/package.bash'
[18.437s] INFO:colcon.colcon_core.shell:Creating package script '/home/gryd/Project/ros2-ws/install/pubsub/share/pubsub/package.zsh'
[18.438s] Level 1:colcon.colcon_core.environment:create_file_with_runtime_dependencies(/home/gryd/Project/ros2-ws/install/pubsub/share/colcon-core/packages/pubsub)
[18.439s] DEBUG:colcon.colcon_parallel_executor.executor.parallel:closing loop
[18.439s] DEBUG:colcon.colcon_parallel_executor.executor.parallel:loop closed
[18.439s] DEBUG:colcon.colcon_parallel_executor.executor.parallel:run_until_complete finished with '0'
[18.439s] DEBUG:colcon.colcon_core.event_reactor:joining thread
[18.457s] INFO:colcon.colcon_core.plugin_system:Skipping extension 'colcon_notification.desktop_notification.notify_send': Could not find 'notify-send'
[18.457s] INFO:colcon.colcon_core.plugin_system:Skipping extension 'colcon_notification.desktop_notification.terminal_notifier': Not used on non-Darwin systems
[18.457s] INFO:colcon.colcon_core.plugin_system:Skipping extension 'colcon_notification.desktop_notification.win32': Not used on non-Windows systems
[18.457s] INFO:colcon.colcon_notification.desktop_notification:Sending desktop notification using 'notify2'
[18.493s] DEBUG:colcon.colcon_core.event_reactor:joined thread
[18.494s] INFO:colcon.colcon_core.shell:Creating prefix script '/home/gryd/Project/ros2-ws/install/local_setup.ps1'
[18.498s] INFO:colcon.colcon_core.shell:Creating prefix util module '/home/gryd/Project/ros2-ws/install/_local_setup_util_ps1.py'
[18.501s] INFO:colcon.colcon_core.shell:Creating prefix chain script '/home/gryd/Project/ros2-ws/install/setup.ps1'
[18.507s] INFO:colcon.colcon_core.shell:Creating prefix script '/home/gryd/Project/ros2-ws/install/local_setup.sh'
[18.512s] INFO:colcon.colcon_core.shell:Creating prefix util module '/home/gryd/Project/ros2-ws/install/_local_setup_util_sh.py'
[18.513s] INFO:colcon.colcon_core.shell:Creating prefix chain script '/home/gryd/Project/ros2-ws/install/setup.sh'
[18.516s] INFO:colcon.colcon_core.shell:Creating prefix script '/home/gryd/Project/ros2-ws/install/local_setup.bash'
[18.518s] INFO:colcon.colcon_core.shell:Creating prefix chain script '/home/gryd/Project/ros2-ws/install/setup.bash'
[18.523s] INFO:colcon.colcon_core.shell:Creating prefix script '/home/gryd/Project/ros2-ws/install/local_setup.zsh'
[18.525s] INFO:colcon.colcon_core.shell:Creating prefix chain script '/home/gryd/Project/ros2-ws/install/setup.zsh'
