[0.014s] Invoking command in '/home/gryd/Project/ros2-ws/build/controller': CMAKE_PREFIX_PATH=${CMAKE_PREFIX_PATH}:/opt/ros/humble /usr/bin/cmake --build /home/gryd/Project/ros2-ws/build/controller -- -j4 -l4
[0.062s] -- Found ament_cmake: 1.3.10 (/opt/ros/humble/share/ament_cmake/cmake)
[0.257s] -- Found rclcpp: 16.0.10 (/opt/ros/humble/share/rclcpp/cmake)
[0.320s] -- Found rosidl_generator_c: 3.1.5 (/opt/ros/humble/share/rosidl_generator_c/cmake)
[0.326s] -- Found rosidl_adapter: 3.1.5 (/opt/ros/humble/share/rosidl_adapter/cmake)
[0.334s] -- Found rosidl_generator_cpp: 3.1.5 (/opt/ros/humble/share/rosidl_generator_cpp/cmake)
[0.356s] -- Using all available rosidl_typesupport_c: rosidl_typesupport_fastrtps_c;rosidl_typesupport_introspection_c
[0.378s] -- Using all available rosidl_typesupport_cpp: rosidl_typesupport_fastrtps_cpp;rosidl_typesupport_introspection_cpp
[0.443s] -- Found rmw_implementation_cmake: 6.1.2 (/opt/ros/humble/share/rmw_implementation_cmake/cmake)
[0.445s] -- Found rmw_fastrtps_cpp: 6.2.7 (/opt/ros/humble/share/rmw_fastrtps_cpp/cmake)
[0.630s] -- Using RMW implementation 'rmw_fastrtps_cpp' as default
[0.696s] -- Found geometry_msgs: 4.2.4 (/opt/ros/humble/share/geometry_msgs/cmake)
[0.721s] -- Found sensor_msgs: 4.2.4 (/opt/ros/humble/share/sensor_msgs/cmake)
[0.746s] -- Found ament_lint_auto: 0.12.11 (/opt/ros/humble/share/ament_lint_auto/cmake)
[0.843s] -- Added test 'cppcheck' to perform static code analysis on C / C++ code
[0.843s] -- Configured cppcheck include dirs: 
[0.843s] -- Configured cppcheck exclude dirs and/or files: 
[0.844s] -- Added test 'lint_cmake' to check CMake code style
[0.845s] -- Added test 'uncrustify' to check C / C++ code style
[0.845s] -- Configured uncrustify additional arguments: 
[0.845s] -- Added test 'xmllint' to check XML markup files
[0.846s] -- Configuring done
[0.860s] -- Generating done
[0.862s] -- Build files have been written to: /home/gryd/Project/ros2-ws/build/controller
[0.897s] [35m[1mConsolidate compiler generated dependencies of target control_pub[0m
[0.929s] [ 50%] [32m[1mLinking CXX executable control_pub[0m
[1.647s] [100%] Built target control_pub
[1.661s] Invoked command in '/home/gryd/Project/ros2-ws/build/controller' returned '0': CMAKE_PREFIX_PATH=${CMAKE_PREFIX_PATH}:/opt/ros/humble /usr/bin/cmake --build /home/gryd/Project/ros2-ws/build/controller -- -j4 -l4
[1.699s] Invoking command in '/home/gryd/Project/ros2-ws/build/controller': CMAKE_PREFIX_PATH=${CMAKE_PREFIX_PATH}:/opt/ros/humble /usr/bin/cmake --install /home/gryd/Project/ros2-ws/build/controller
[1.707s] -- Install configuration: ""
[1.708s] -- Installing: /home/gryd/Project/ros2-ws/install/controller/lib/controller/control_pub
[1.713s] -- Set runtime path of "/home/gryd/Project/ros2-ws/install/controller/lib/controller/control_pub" to ""
[1.713s] -- Up-to-date: /home/gryd/Project/ros2-ws/install/controller/share/ament_index/resource_index/package_run_dependencies/controller
[1.714s] -- Up-to-date: /home/gryd/Project/ros2-ws/install/controller/share/ament_index/resource_index/parent_prefix_path/controller
[1.714s] -- Up-to-date: /home/gryd/Project/ros2-ws/install/controller/share/controller/environment/ament_prefix_path.sh
[1.714s] -- Installing: /home/gryd/Project/ros2-ws/install/controller/share/controller/environment/ament_prefix_path.dsv
[1.714s] -- Up-to-date: /home/gryd/Project/ros2-ws/install/controller/share/controller/environment/path.sh
[1.714s] -- Installing: /home/gryd/Project/ros2-ws/install/controller/share/controller/environment/path.dsv
[1.714s] -- Up-to-date: /home/gryd/Project/ros2-ws/install/controller/share/controller/local_setup.bash
[1.715s] -- Up-to-date: /home/gryd/Project/ros2-ws/install/controller/share/controller/local_setup.sh
[1.715s] -- Up-to-date: /home/gryd/Project/ros2-ws/install/controller/share/controller/local_setup.zsh
[1.715s] -- Installing: /home/gryd/Project/ros2-ws/install/controller/share/controller/local_setup.dsv
[1.715s] -- Installing: /home/gryd/Project/ros2-ws/install/controller/share/controller/package.dsv
[1.715s] -- Up-to-date: /home/gryd/Project/ros2-ws/install/controller/share/ament_index/resource_index/packages/controller
[1.716s] -- Up-to-date: /home/gryd/Project/ros2-ws/install/controller/share/controller/cmake/controllerConfig.cmake
[1.716s] -- Up-to-date: /home/gryd/Project/ros2-ws/install/controller/share/controller/cmake/controllerConfig-version.cmake
[1.716s] -- Up-to-date: /home/gryd/Project/ros2-ws/install/controller/share/controller/package.xml
[1.726s] Invoked command in '/home/gryd/Project/ros2-ws/build/controller' returned '0': CMAKE_PREFIX_PATH=${CMAKE_PREFIX_PATH}:/opt/ros/humble /usr/bin/cmake --install /home/gryd/Project/ros2-ws/build/controller
