[0.023s] Invoking command in '/home/gryd/Project/ros2-ws/build/controller': CMAKE_PREFIX_PATH=${CMAKE_PREFIX_PATH}:/opt/ros/humble /usr/bin/cmake --build /home/gryd/Project/ros2-ws/build/controller -- -j4 -l4
[0.089s] [35m[1mConsolidate compiler generated dependencies of target control_pub[0m
[0.121s] [ 50%] [32mBuilding CXX object CMakeFiles/control_pub.dir/src/controller_pub.cpp.o[0m
[14.445s] [100%] [32m[1mLinking CXX executable control_pub[0m
[15.542s] [100%] Built target control_pub
[15.561s] Invoked command in '/home/gryd/Project/ros2-ws/build/controller' returned '0': CMAKE_PREFIX_PATH=${CMAKE_PREFIX_PATH}:/opt/ros/humble /usr/bin/cmake --build /home/gryd/Project/ros2-ws/build/controller -- -j4 -l4
[15.616s] Invoking command in '/home/gryd/Project/ros2-ws/build/controller': CMAKE_PREFIX_PATH=${CMAKE_PREFIX_PATH}:/opt/ros/humble /usr/bin/cmake --install /home/gryd/Project/ros2-ws/build/controller
[15.628s] -- Install configuration: ""
[15.629s] -- Installing: /home/gryd/Project/ros2-ws/install/controller/share/ament_index/resource_index/package_run_dependencies/controller
[15.630s] -- Installing: /home/gryd/Project/ros2-ws/install/controller/share/ament_index/resource_index/parent_prefix_path/controller
[15.630s] -- Installing: /home/gryd/Project/ros2-ws/install/controller/share/controller/environment/ament_prefix_path.sh
[15.630s] -- Installing: /home/gryd/Project/ros2-ws/install/controller/share/controller/environment/ament_prefix_path.dsv
[15.631s] -- Installing: /home/gryd/Project/ros2-ws/install/controller/share/controller/environment/path.sh
[15.631s] -- Installing: /home/gryd/Project/ros2-ws/install/controller/share/controller/environment/path.dsv
[15.631s] -- Installing: /home/gryd/Project/ros2-ws/install/controller/share/controller/local_setup.bash
[15.631s] -- Installing: /home/gryd/Project/ros2-ws/install/controller/share/controller/local_setup.sh
[15.632s] -- Installing: /home/gryd/Project/ros2-ws/install/controller/share/controller/local_setup.zsh
[15.632s] -- Installing: /home/gryd/Project/ros2-ws/install/controller/share/controller/local_setup.dsv
[15.632s] -- Installing: /home/gryd/Project/ros2-ws/install/controller/share/controller/package.dsv
[15.633s] -- Installing: /home/gryd/Project/ros2-ws/install/controller/share/ament_index/resource_index/packages/controller
[15.633s] -- Installing: /home/gryd/Project/ros2-ws/install/controller/share/controller/cmake/controllerConfig.cmake
[15.633s] -- Installing: /home/gryd/Project/ros2-ws/install/controller/share/controller/cmake/controllerConfig-version.cmake
[15.633s] -- Installing: /home/gryd/Project/ros2-ws/install/controller/share/controller/package.xml
[15.636s] Invoked command in '/home/gryd/Project/ros2-ws/build/controller' returned '0': CMAKE_PREFIX_PATH=${CMAKE_PREFIX_PATH}:/opt/ros/humble /usr/bin/cmake --install /home/gryd/Project/ros2-ws/build/controller
