[0.025s] Invoking command in '/home/gryd/Project/ros2-ws/build/pubsub': CMAKE_PREFIX_PATH=/opt/ros/humble /usr/bin/cmake --build /home/gryd/Project/ros2-ws/build/pubsub -- -j4 -l4
[0.104s] [35m[1mConsolidate compiler generated dependencies of target sub[0m
[0.104s] [35m[1mConsolidate compiler generated dependencies of target pub[0m
[0.139s] [ 50%] Built target sub
[0.141s] [100%] Built target pub
[0.161s] Invoked command in '/home/gryd/Project/ros2-ws/build/pubsub' returned '0': CMAKE_PREFIX_PATH=/opt/ros/humble /usr/bin/cmake --build /home/gryd/Project/ros2-ws/build/pubsub -- -j4 -l4
[0.221s] Invoking command in '/home/gryd/Project/ros2-ws/build/pubsub': CMAKE_PREFIX_PATH=/opt/ros/humble /usr/bin/cmake --install /home/gryd/Project/ros2-ws/build/pubsub
[0.237s] -- Install configuration: ""
[0.237s] -- Up-to-date: /home/gryd/Project/ros2-ws/install/pubsub/lib/pubsub/pub
[0.238s] -- Up-to-date: /home/gryd/Project/ros2-ws/install/pubsub/lib/pubsub/sub
[0.238s] -- Up-to-date: /home/gryd/Project/ros2-ws/install/pubsub/share/ament_index/resource_index/package_run_dependencies/pubsub
[0.239s] -- Up-to-date: /home/gryd/Project/ros2-ws/install/pubsub/share/ament_index/resource_index/parent_prefix_path/pubsub
[0.241s] -- Up-to-date: /home/gryd/Project/ros2-ws/install/pubsub/share/pubsub/environment/ament_prefix_path.sh
[0.241s] -- Up-to-date: /home/gryd/Project/ros2-ws/install/pubsub/share/pubsub/environment/ament_prefix_path.dsv
[0.243s] -- Up-to-date: /home/gryd/Project/ros2-ws/install/pubsub/share/pubsub/environment/path.sh
[0.244s] -- Up-to-date: /home/gryd/Project/ros2-ws/install/pubsub/share/pubsub/environment/path.dsv
[0.245s] -- Up-to-date: /home/gryd/Project/ros2-ws/install/pubsub/share/pubsub/local_setup.bash
[0.245s] -- Up-to-date: /home/gryd/Project/ros2-ws/install/pubsub/share/pubsub/local_setup.sh
[0.246s] -- Up-to-date: /home/gryd/Project/ros2-ws/install/pubsub/share/pubsub/local_setup.zsh
[0.246s] -- Up-to-date: /home/gryd/Project/ros2-ws/install/pubsub/share/pubsub/local_setup.dsv
[0.246s] -- Installing: /home/gryd/Project/ros2-ws/install/pubsub/share/pubsub/package.dsv
[0.247s] -- Up-to-date: /home/gryd/Project/ros2-ws/install/pubsub/share/ament_index/resource_index/packages/pubsub
[0.249s] -- Up-to-date: /home/gryd/Project/ros2-ws/install/pubsub/share/pubsub/cmake/pubsubConfig.cmake
[0.250s] -- Up-to-date: /home/gryd/Project/ros2-ws/install/pubsub/share/pubsub/cmake/pubsubConfig-version.cmake
[0.250s] -- Up-to-date: /home/gryd/Project/ros2-ws/install/pubsub/share/pubsub/package.xml
[0.255s] Invoked command in '/home/gryd/Project/ros2-ws/build/pubsub' returned '0': CMAKE_PREFIX_PATH=/opt/ros/humble /usr/bin/cmake --install /home/gryd/Project/ros2-ws/build/pubsub
