[0.000000] (-) TimerEvent: {}
[0.000588] (-) JobUnselected: {'identifier': 'calculator'}
[0.000658] (-) JobUnselected: {'identifier': 'interfaces'}
[0.000697] (-) JobUnselected: {'identifier': 'pubsub'}
[0.000739] (controller) JobQueued: {'identifier': 'controller', 'dependencies': OrderedDict()}
[0.000783] (controller) JobStarted: {'identifier': 'controller'}
[0.016378] (controller) JobProgress: {'identifier': 'controller', 'progress': 'cmake'}
[0.017306] (controller) JobProgress: {'identifier': 'controller', 'progress': 'build'}
[0.019010] (controller) Command: {'cmd': ['/usr/bin/cmake', '--build', '/home/gryd/Project/ros2-ws/build/controller', '--', '-j4', '-l4'], 'cwd': '/home/gryd/Project/ros2-ws/build/controller', 'env': OrderedDict([('KDE_FULL_SESSION', 'true'), ('BLE_SESSION_ID', '1729417770.192678/13087'), ('MAIL', '/var/spool/mail/gryd'), ('USER', 'gryd'), ('PAM_KWALLET5_LOGIN', '/run/user/1000/kwallet5.socket'), ('LESS_TERMCAP_ue', '\x1b[0m'), ('LC_TIME', 'en_US.UTF-8'), ('HOSTNAME', 'gryd-thinkpad'), ('XDG_SESSION_TYPE', 'wayland'), ('GIT_ASKPASS', '/var/tmp/.vscode-server/bin/384ff7382de624fb94dbaf6da11977bba1ecd427/extensions/git/dist/askpass.sh'), ('GREP_COLOR', '37;45'), ('QT_WAYLAND_RECONNECT', '1'), ('SHLVL', '2'), ('LD_LIBRARY_PATH', '/opt/ros/humble/opt/rviz_ogre_vendor/lib:/opt/ros/humble/lib/x86_64-linux-gnu:/opt/ros/humble/lib'), ('BROWSER', '/var/tmp/.vscode-server/bin/384ff7382de624fb94dbaf6da11977bba1ecd427/bin/helpers/browser.sh'), ('HISTIGNORE', '&:[ ]*:exit:ls:bg:fg:history:clear'), ('LESS', '--ignore-case --jump-target=4 --LONG-PROMPT --no-init --quit-if-one-screen --RAW-CONTROL-CHARS'), ('HOME', '/home/gryd'), ('NVM_COMPLETION', 'true'), ('KDE_APPLICATIONS_AS_SCOPE', '1'), ('OLDPWD', '/var/tmp/.vscode-server/bin/384ff7382de624fb94dbaf6da11977bba1ecd427'), ('TERM_PROGRAM_VERSION', '1.94.2'), ('VSCODE_IPC_HOOK_CLI', '/run/user/1000/vscode-ipc-9148c68e-5560-4186-b8e9-a7932a2c1bb6.sock'), ('ROS_PYTHON_VERSION', '3'), ('GTK_RC_FILES', '/etc/gtk/gtkrc:/home/gryd/.gtkrc:/home/gryd/.config/gtkrc'), ('KDE_SESSION_VERSION', '6'), ('PAGER', 'less'), ('VSCODE_GIT_ASKPASS_MAIN', '/var/tmp/.vscode-server/bin/384ff7382de624fb94dbaf6da11977bba1ecd427/extensions/git/dist/askpass-main.js'), ('LC_MONETARY', 'en_US.UTF-8'), ('GREP_COLORS', 'mt=37;45'), ('VSCODE_GIT_ASKPASS_NODE', '/var/tmp/.vscode-server/bin/384ff7382de624fb94dbaf6da11977bba1ecd427/node'), ('MANAGERPID', '1600'), ('SYSTEMD_EXEC_PID', '5138'), ('XDG_STATE_HOME', '/home/gryd/.local/state'), ('DBUS_SESSION_BUS_ADDRESS', 'unix:path=/run/user/1000/bus'), ('COLORTERM', 'truecolor'), ('container', 'sudo docker'), ('REMOTE_CONTAINERS', 'true'), ('NVM_DIR', '/home/gryd/.nvm'), ('TMUX_TMPDIR', '/var/tmp'), ('WAYLAND_DISPLAY', 'wayland-0'), ('COLCON_PREFIX_PATH', '/home/gryd/Project/ros2-ws/install:/home/gryd/Project/ros2_humble/install'), ('XKB_DEFAULT_LAYOUT', 'us'), ('ROS_DISTRO', 'humble'), ('REMOTE_CONTAINERS_IPC', '/tmp/vscode-remote-containers-ipc-837ac02a-c3d9-44c3-b23e-3b13d51a486d.sock'), ('LOGNAME', 'gryd'), ('LESS_TERMCAP_us', '\x1b[1;32m'), ('QT_AUTO_SCREEN_SCALE_FACTOR', '0'), ('JOURNAL_STREAM', '8:30765'), ('_', '/usr/bin/colcon'), ('ROS_VERSION', '2'), ('MEMORY_PRESSURE_WATCH', '/sys/fs/cgroup/user.slice/user-1000.slice/user@1000.service/app.slice/flatpak-session-helper.service/memory.pressure'), ('XDG_SESSION_CLASS', 'user'), ('TERMINFO_DIRS', '/usr/share/terminfo:/run/host/usr/share/terminfo'), ('TERM', 'xterm-256color'), ('XDG_SESSION_ID', '1'), ('ROS_LOCALHOST_ONLY', '0'), ('GTK2_RC_FILES', '/etc/gtk-2.0/gtkrc:/home/gryd/.gtkrc-2.0:/home/gryd/.config/gtkrc-2.0'), ('LC_COLLATE', 'C'), ('PATH', '/opt/ros/humble/bin:/var/tmp/.vscode-server/bin/384ff7382de624fb94dbaf6da11977bba1ecd427/bin/remote-cli:/home/gryd/.local/bin:/usr/local/bin:/usr/local/sbin:/usr/local/bin:/usr/sbin:/usr/bin:/sbin:/bin'), ('SESSION_MANAGER', 'local/gryd-thinkpad:@/tmp/.ICE-unix/1801,unix/gryd-thinkpad:/tmp/.ICE-unix/1801'), ('INVOCATION_ID', '35b452e42234446c845b11ca0e64acf1'), ('_ble_util_fdlist_cloexec', ''), ('XDG_MENU_PREFIX', 'plasma-'), ('LC_ADDRESS', 'en_US.UTF-8'), ('XDG_RUNTIME_DIR', '/run/user/1000'), ('ZIM_CONFIG_FILE', '/home/gryd/.config/zim/zimrc'), ('ICEAUTHORITY', '/run/user/1000/iceauth_fwBHEc'), ('REMOTE_CONTAINERS_SOCKETS', '["/tmp/.X11-unix/X1","/run/user/1000/gnupg/S.gpg-agent"]'), ('DISPLAY', ':1'), ('LANG', 'en_US.UTF-8'), ('XDG_CURRENT_DESKTOP', 'KDE'), ('LC_TELEPHONE', 'en_US.UTF-8'), ('XDG_DATA_HOME', '/home/gryd/.local/share'), ('XDG_CONFIG_HOME', '/home/gryd/.config'), ('XDG_SESSION_DESKTOP', 'KDE'), ('XAUTHORITY', '/run/user/1000/xauth_ywfVPb'), ('LS_COLORS', 'di=1;34:ln=35:so=32:pi=33:ex=31:bd=1;36:cd=1;33:su=30;41:sg=30;46:tw=30;42:ow=30;43'), ('NVM_LAZY_LOAD', 'true'), ('VSCODE_GIT_IPC_HANDLE', '/run/user/1000/vscode-git-4a0e2494db.sock'), ('TERM_PROGRAM', 'vscode'), ('STARSHIP_CONFIG', '/home/gryd/.config/starship/starship.toml'), ('AMENT_PREFIX_PATH', '/home/gryd/Project/ros2-ws/install/pubsub:/home/gryd/Project/ros2-ws/install/interfaces:/opt/ros/humble'), ('UID', '1000'), ('REMOTE_CONTAINERS_DISPLAY_SOCK', '/tmp/.X11-unix/X1'), ('SHELL', '/usr/bin/bash'), ('LC_NAME', 'en_US.UTF-8'), ('LESS_TERMCAP_mb', '\x1b[1;31m'), ('LC_MEASUREMENT', 'en_US.UTF-8'), ('LINENO', '2'), ('LC_IDENTIFICATION', 'en_US.UTF-8'), ('VSCODE_GIT_ASKPASS_EXTRA_ARGS', ''), ('LESS_TERMCAP_md', '\x1b[1;31m'), ('ZSH_CUSTOM', '/home/gryd/.config/zsh/zsh-custom'), ('bleopt_connect_tty', '1'), ('PWD', '/home/gryd/Project/ros2-ws/build/controller'), ('CONTAINER_ID', 'ubuntu-distrobox'), ('QT_QPA_PLATFORM', 'xcb'), ('LESS_TERMCAP_me', '\x1b[0m'), ('NVM_CD_FLAGS', '-q'), ('XDG_DATA_DIRS', '/home/gryd/.local/share/flatpak/exports/share:/var/lib/flatpak/exports/share:'), ('_ble_util_fdvars_export', ''), ('RANGER_LOAD_DEFAULT_RC', 'false'), ('PYTHONPATH', '/opt/ros/humble/lib/python3.10/site-packages:/opt/ros/humble/local/lib/python3.10/dist-packages'), ('LC_NUMERIC', 'en_US.UTF-8'), ('LC_PAPER', 'en_US.UTF-8'), ('KDE_SESSION_UID', '1000'), ('COLCON', '1'), ('MEMORY_PRESSURE_WRITE', 'c29tZSAyMDAwMDAgMjAwMDAwMAA='), ('NVM_RC_VERSION', ''), ('EDITOR', 'nvim'), ('CMAKE_PREFIX_PATH', '/home/gryd/Project/ros2-ws/install/pubsub:/home/gryd/Project/ros2-ws/install/interfaces:/opt/ros/humble')]), 'shell': False}
[0.089744] (controller) StdoutLine: {'line': b'\x1b[35m\x1b[1mConsolidate compiler generated dependencies of target control_pub\x1b[0m\n'}
[0.099602] (-) TimerEvent: {}
[0.121122] (controller) StdoutLine: {'line': b'[ 50%] \x1b[32mBuilding CXX object CMakeFiles/control_pub.dir/src/controller_pub.cpp.o\x1b[0m\n'}
[0.199701] (-) TimerEvent: {}
[0.300089] (-) TimerEvent: {}
[0.400477] (-) TimerEvent: {}
[0.500858] (-) TimerEvent: {}
[0.601298] (-) TimerEvent: {}
[0.701969] (-) TimerEvent: {}
[0.802384] (-) TimerEvent: {}
[0.902982] (-) TimerEvent: {}
[1.003574] (-) TimerEvent: {}
[1.104320] (-) TimerEvent: {}
[1.205839] (-) TimerEvent: {}
[1.306704] (-) TimerEvent: {}
[1.409952] (-) TimerEvent: {}
[1.510641] (-) TimerEvent: {}
[1.611719] (-) TimerEvent: {}
[1.713022] (-) TimerEvent: {}
[1.813621] (-) TimerEvent: {}
[1.914261] (-) TimerEvent: {}
[2.014848] (-) TimerEvent: {}
[2.115393] (-) TimerEvent: {}
[2.215758] (-) TimerEvent: {}
[2.316170] (-) TimerEvent: {}
[2.416579] (-) TimerEvent: {}
[2.519990] (-) TimerEvent: {}
[2.621770] (-) TimerEvent: {}
[2.722525] (-) TimerEvent: {}
[2.823635] (-) TimerEvent: {}
[2.923979] (-) TimerEvent: {}
[3.024329] (-) TimerEvent: {}
[3.124712] (-) TimerEvent: {}
[3.225065] (-) TimerEvent: {}
[3.325462] (-) TimerEvent: {}
[3.425824] (-) TimerEvent: {}
[3.526209] (-) TimerEvent: {}
[3.626578] (-) TimerEvent: {}
[3.727026] (-) TimerEvent: {}
[3.827396] (-) TimerEvent: {}
[3.927790] (-) TimerEvent: {}
[4.028496] (-) TimerEvent: {}
[4.128897] (-) TimerEvent: {}
[4.229340] (-) TimerEvent: {}
[4.329777] (-) TimerEvent: {}
[4.430231] (-) TimerEvent: {}
[4.530690] (-) TimerEvent: {}
[4.631196] (-) TimerEvent: {}
[4.731723] (-) TimerEvent: {}
[4.832170] (-) TimerEvent: {}
[4.932610] (-) TimerEvent: {}
[5.033019] (-) TimerEvent: {}
[5.133424] (-) TimerEvent: {}
[5.233835] (-) TimerEvent: {}
[5.334945] (-) TimerEvent: {}
[5.435324] (-) TimerEvent: {}
[5.535717] (-) TimerEvent: {}
[5.636096] (-) TimerEvent: {}
[5.736486] (-) TimerEvent: {}
[5.836875] (-) TimerEvent: {}
[5.937264] (-) TimerEvent: {}
[6.037701] (-) TimerEvent: {}
[6.138126] (-) TimerEvent: {}
[6.238542] (-) TimerEvent: {}
[6.338945] (-) TimerEvent: {}
[6.439401] (-) TimerEvent: {}
[6.539878] (-) TimerEvent: {}
[6.640284] (-) TimerEvent: {}
[6.740714] (-) TimerEvent: {}
[6.841241] (-) TimerEvent: {}
[6.941644] (-) TimerEvent: {}
[7.042055] (-) TimerEvent: {}
[7.142462] (-) TimerEvent: {}
[7.242883] (-) TimerEvent: {}
[7.343310] (-) TimerEvent: {}
[7.443755] (-) TimerEvent: {}
[7.544205] (-) TimerEvent: {}
[7.644618] (-) TimerEvent: {}
[7.745048] (-) TimerEvent: {}
[7.845463] (-) TimerEvent: {}
[7.945839] (-) TimerEvent: {}
[8.046234] (-) TimerEvent: {}
[8.146692] (-) TimerEvent: {}
[8.247100] (-) TimerEvent: {}
[8.347480] (-) TimerEvent: {}
[8.447912] (-) TimerEvent: {}
[8.548318] (-) TimerEvent: {}
[8.649289] (-) TimerEvent: {}
[8.749869] (-) TimerEvent: {}
[8.850350] (-) TimerEvent: {}
[8.951088] (-) TimerEvent: {}
[9.051525] (-) TimerEvent: {}
[9.151950] (-) TimerEvent: {}
[9.252308] (-) TimerEvent: {}
[9.352677] (-) TimerEvent: {}
[9.453043] (-) TimerEvent: {}
[9.553410] (-) TimerEvent: {}
[9.653830] (-) TimerEvent: {}
[9.754254] (-) TimerEvent: {}
[9.854652] (-) TimerEvent: {}
[9.955034] (-) TimerEvent: {}
[10.055427] (-) TimerEvent: {}
[10.155820] (-) TimerEvent: {}
[10.256408] (-) TimerEvent: {}
[10.356807] (-) TimerEvent: {}
[10.457158] (-) TimerEvent: {}
[10.557544] (-) TimerEvent: {}
[10.657897] (-) TimerEvent: {}
[10.758242] (-) TimerEvent: {}
[10.858599] (-) TimerEvent: {}
[10.958966] (-) TimerEvent: {}
[11.059321] (-) TimerEvent: {}
[11.159742] (-) TimerEvent: {}
[11.260150] (-) TimerEvent: {}
[11.360516] (-) TimerEvent: {}
[11.460897] (-) TimerEvent: {}
[11.561332] (-) TimerEvent: {}
[11.661772] (-) TimerEvent: {}
[11.762314] (-) TimerEvent: {}
[11.862707] (-) TimerEvent: {}
[11.963036] (-) TimerEvent: {}
[12.063387] (-) TimerEvent: {}
[12.163772] (-) TimerEvent: {}
[12.264363] (-) TimerEvent: {}
[12.364796] (-) TimerEvent: {}
[12.465433] (-) TimerEvent: {}
[12.565835] (-) TimerEvent: {}
[12.666189] (-) TimerEvent: {}
[12.766590] (-) TimerEvent: {}
[12.866954] (-) TimerEvent: {}
[12.967310] (-) TimerEvent: {}
[13.067678] (-) TimerEvent: {}
[13.168036] (-) TimerEvent: {}
[13.268438] (-) TimerEvent: {}
[13.368880] (-) TimerEvent: {}
[13.469264] (-) TimerEvent: {}
[13.569755] (-) TimerEvent: {}
[13.670117] (-) TimerEvent: {}
[13.770559] (-) TimerEvent: {}
[13.871332] (-) TimerEvent: {}
[13.974438] (-) TimerEvent: {}
[14.075491] (-) TimerEvent: {}
[14.175903] (-) TimerEvent: {}
[14.276252] (-) TimerEvent: {}
[14.376663] (-) TimerEvent: {}
[14.445348] (controller) StdoutLine: {'line': b'[100%] \x1b[32m\x1b[1mLinking CXX executable control_pub\x1b[0m\n'}
[14.476814] (-) TimerEvent: {}
[14.577816] (-) TimerEvent: {}
[14.681200] (-) TimerEvent: {}
[14.782161] (-) TimerEvent: {}
[14.882569] (-) TimerEvent: {}
[14.983046] (-) TimerEvent: {}
[15.083548] (-) TimerEvent: {}
[15.184013] (-) TimerEvent: {}
[15.284361] (-) TimerEvent: {}
[15.384791] (-) TimerEvent: {}
[15.485192] (-) TimerEvent: {}
[15.542172] (controller) StdoutLine: {'line': b'[100%] Built target control_pub\n'}
[15.561790] (controller) CommandEnded: {'returncode': 0}
[15.585284] (-) TimerEvent: {}
[15.599203] (controller) JobProgress: {'identifier': 'controller', 'progress': 'install'}
[15.614423] (controller) Command: {'cmd': ['/usr/bin/cmake', '--install', '/home/gryd/Project/ros2-ws/build/controller'], 'cwd': '/home/gryd/Project/ros2-ws/build/controller', 'env': OrderedDict([('KDE_FULL_SESSION', 'true'), ('BLE_SESSION_ID', '1729417770.192678/13087'), ('MAIL', '/var/spool/mail/gryd'), ('USER', 'gryd'), ('PAM_KWALLET5_LOGIN', '/run/user/1000/kwallet5.socket'), ('LESS_TERMCAP_ue', '\x1b[0m'), ('LC_TIME', 'en_US.UTF-8'), ('HOSTNAME', 'gryd-thinkpad'), ('XDG_SESSION_TYPE', 'wayland'), ('GIT_ASKPASS', '/var/tmp/.vscode-server/bin/384ff7382de624fb94dbaf6da11977bba1ecd427/extensions/git/dist/askpass.sh'), ('GREP_COLOR', '37;45'), ('QT_WAYLAND_RECONNECT', '1'), ('SHLVL', '2'), ('LD_LIBRARY_PATH', '/opt/ros/humble/opt/rviz_ogre_vendor/lib:/opt/ros/humble/lib/x86_64-linux-gnu:/opt/ros/humble/lib'), ('BROWSER', '/var/tmp/.vscode-server/bin/384ff7382de624fb94dbaf6da11977bba1ecd427/bin/helpers/browser.sh'), ('HISTIGNORE', '&:[ ]*:exit:ls:bg:fg:history:clear'), ('LESS', '--ignore-case --jump-target=4 --LONG-PROMPT --no-init --quit-if-one-screen --RAW-CONTROL-CHARS'), ('HOME', '/home/gryd'), ('NVM_COMPLETION', 'true'), ('KDE_APPLICATIONS_AS_SCOPE', '1'), ('OLDPWD', '/var/tmp/.vscode-server/bin/384ff7382de624fb94dbaf6da11977bba1ecd427'), ('TERM_PROGRAM_VERSION', '1.94.2'), ('VSCODE_IPC_HOOK_CLI', '/run/user/1000/vscode-ipc-9148c68e-5560-4186-b8e9-a7932a2c1bb6.sock'), ('ROS_PYTHON_VERSION', '3'), ('GTK_RC_FILES', '/etc/gtk/gtkrc:/home/gryd/.gtkrc:/home/gryd/.config/gtkrc'), ('KDE_SESSION_VERSION', '6'), ('PAGER', 'less'), ('VSCODE_GIT_ASKPASS_MAIN', '/var/tmp/.vscode-server/bin/384ff7382de624fb94dbaf6da11977bba1ecd427/extensions/git/dist/askpass-main.js'), ('LC_MONETARY', 'en_US.UTF-8'), ('GREP_COLORS', 'mt=37;45'), ('VSCODE_GIT_ASKPASS_NODE', '/var/tmp/.vscode-server/bin/384ff7382de624fb94dbaf6da11977bba1ecd427/node'), ('MANAGERPID', '1600'), ('SYSTEMD_EXEC_PID', '5138'), ('XDG_STATE_HOME', '/home/gryd/.local/state'), ('DBUS_SESSION_BUS_ADDRESS', 'unix:path=/run/user/1000/bus'), ('COLORTERM', 'truecolor'), ('container', 'sudo docker'), ('REMOTE_CONTAINERS', 'true'), ('NVM_DIR', '/home/gryd/.nvm'), ('TMUX_TMPDIR', '/var/tmp'), ('WAYLAND_DISPLAY', 'wayland-0'), ('COLCON_PREFIX_PATH', '/home/gryd/Project/ros2-ws/install:/home/gryd/Project/ros2_humble/install'), ('XKB_DEFAULT_LAYOUT', 'us'), ('ROS_DISTRO', 'humble'), ('REMOTE_CONTAINERS_IPC', '/tmp/vscode-remote-containers-ipc-837ac02a-c3d9-44c3-b23e-3b13d51a486d.sock'), ('LOGNAME', 'gryd'), ('LESS_TERMCAP_us', '\x1b[1;32m'), ('QT_AUTO_SCREEN_SCALE_FACTOR', '0'), ('JOURNAL_STREAM', '8:30765'), ('_', '/usr/bin/colcon'), ('ROS_VERSION', '2'), ('MEMORY_PRESSURE_WATCH', '/sys/fs/cgroup/user.slice/user-1000.slice/user@1000.service/app.slice/flatpak-session-helper.service/memory.pressure'), ('XDG_SESSION_CLASS', 'user'), ('TERMINFO_DIRS', '/usr/share/terminfo:/run/host/usr/share/terminfo'), ('TERM', 'xterm-256color'), ('XDG_SESSION_ID', '1'), ('ROS_LOCALHOST_ONLY', '0'), ('GTK2_RC_FILES', '/etc/gtk-2.0/gtkrc:/home/gryd/.gtkrc-2.0:/home/gryd/.config/gtkrc-2.0'), ('LC_COLLATE', 'C'), ('PATH', '/opt/ros/humble/bin:/var/tmp/.vscode-server/bin/384ff7382de624fb94dbaf6da11977bba1ecd427/bin/remote-cli:/home/gryd/.local/bin:/usr/local/bin:/usr/local/sbin:/usr/local/bin:/usr/sbin:/usr/bin:/sbin:/bin'), ('SESSION_MANAGER', 'local/gryd-thinkpad:@/tmp/.ICE-unix/1801,unix/gryd-thinkpad:/tmp/.ICE-unix/1801'), ('INVOCATION_ID', '35b452e42234446c845b11ca0e64acf1'), ('_ble_util_fdlist_cloexec', ''), ('XDG_MENU_PREFIX', 'plasma-'), ('LC_ADDRESS', 'en_US.UTF-8'), ('XDG_RUNTIME_DIR', '/run/user/1000'), ('ZIM_CONFIG_FILE', '/home/gryd/.config/zim/zimrc'), ('ICEAUTHORITY', '/run/user/1000/iceauth_fwBHEc'), ('REMOTE_CONTAINERS_SOCKETS', '["/tmp/.X11-unix/X1","/run/user/1000/gnupg/S.gpg-agent"]'), ('DISPLAY', ':1'), ('LANG', 'en_US.UTF-8'), ('XDG_CURRENT_DESKTOP', 'KDE'), ('LC_TELEPHONE', 'en_US.UTF-8'), ('XDG_DATA_HOME', '/home/gryd/.local/share'), ('XDG_CONFIG_HOME', '/home/gryd/.config'), ('XDG_SESSION_DESKTOP', 'KDE'), ('XAUTHORITY', '/run/user/1000/xauth_ywfVPb'), ('LS_COLORS', 'di=1;34:ln=35:so=32:pi=33:ex=31:bd=1;36:cd=1;33:su=30;41:sg=30;46:tw=30;42:ow=30;43'), ('NVM_LAZY_LOAD', 'true'), ('VSCODE_GIT_IPC_HANDLE', '/run/user/1000/vscode-git-4a0e2494db.sock'), ('TERM_PROGRAM', 'vscode'), ('STARSHIP_CONFIG', '/home/gryd/.config/starship/starship.toml'), ('AMENT_PREFIX_PATH', '/home/gryd/Project/ros2-ws/install/pubsub:/home/gryd/Project/ros2-ws/install/interfaces:/opt/ros/humble'), ('UID', '1000'), ('REMOTE_CONTAINERS_DISPLAY_SOCK', '/tmp/.X11-unix/X1'), ('SHELL', '/usr/bin/bash'), ('LC_NAME', 'en_US.UTF-8'), ('LESS_TERMCAP_mb', '\x1b[1;31m'), ('LC_MEASUREMENT', 'en_US.UTF-8'), ('LINENO', '2'), ('LC_IDENTIFICATION', 'en_US.UTF-8'), ('VSCODE_GIT_ASKPASS_EXTRA_ARGS', ''), ('LESS_TERMCAP_md', '\x1b[1;31m'), ('ZSH_CUSTOM', '/home/gryd/.config/zsh/zsh-custom'), ('bleopt_connect_tty', '1'), ('PWD', '/home/gryd/Project/ros2-ws/build/controller'), ('CONTAINER_ID', 'ubuntu-distrobox'), ('QT_QPA_PLATFORM', 'xcb'), ('LESS_TERMCAP_me', '\x1b[0m'), ('NVM_CD_FLAGS', '-q'), ('XDG_DATA_DIRS', '/home/gryd/.local/share/flatpak/exports/share:/var/lib/flatpak/exports/share:'), ('_ble_util_fdvars_export', ''), ('RANGER_LOAD_DEFAULT_RC', 'false'), ('PYTHONPATH', '/opt/ros/humble/lib/python3.10/site-packages:/opt/ros/humble/local/lib/python3.10/dist-packages'), ('LC_NUMERIC', 'en_US.UTF-8'), ('LC_PAPER', 'en_US.UTF-8'), ('KDE_SESSION_UID', '1000'), ('COLCON', '1'), ('MEMORY_PRESSURE_WRITE', 'c29tZSAyMDAwMDAgMjAwMDAwMAA='), ('NVM_RC_VERSION', ''), ('EDITOR', 'nvim'), ('CMAKE_PREFIX_PATH', '/home/gryd/Project/ros2-ws/install/pubsub:/home/gryd/Project/ros2-ws/install/interfaces:/opt/ros/humble')]), 'shell': False}
[15.628368] (controller) StdoutLine: {'line': b'-- Install configuration: ""\n'}
[15.629349] (controller) StdoutLine: {'line': b'-- Installing: /home/gryd/Project/ros2-ws/install/controller/share/ament_index/resource_index/package_run_dependencies/controller\n'}
[15.629870] (controller) StdoutLine: {'line': b'-- Installing: /home/gryd/Project/ros2-ws/install/controller/share/ament_index/resource_index/parent_prefix_path/controller\n'}
[15.630525] (controller) StdoutLine: {'line': b'-- Installing: /home/gryd/Project/ros2-ws/install/controller/share/controller/environment/ament_prefix_path.sh\n'}
[15.631002] (controller) StdoutLine: {'line': b'-- Installing: /home/gryd/Project/ros2-ws/install/controller/share/controller/environment/ament_prefix_path.dsv\n'}
[15.631386] (controller) StdoutLine: {'line': b'-- Installing: /home/gryd/Project/ros2-ws/install/controller/share/controller/environment/path.sh\n'}
[15.631613] (controller) StdoutLine: {'line': b'-- Installing: /home/gryd/Project/ros2-ws/install/controller/share/controller/environment/path.dsv\n'}
[15.631894] (controller) StdoutLine: {'line': b'-- Installing: /home/gryd/Project/ros2-ws/install/controller/share/controller/local_setup.bash\n'}
[15.632074] (controller) StdoutLine: {'line': b'-- Installing: /home/gryd/Project/ros2-ws/install/controller/share/controller/local_setup.sh\n'}
[15.632244] (controller) StdoutLine: {'line': b'-- Installing: /home/gryd/Project/ros2-ws/install/controller/share/controller/local_setup.zsh\n'}
[15.632864] (controller) StdoutLine: {'line': b'-- Installing: /home/gryd/Project/ros2-ws/install/controller/share/controller/local_setup.dsv\n'}
[15.633042] (controller) StdoutLine: {'line': b'-- Installing: /home/gryd/Project/ros2-ws/install/controller/share/controller/package.dsv\n'}
[15.633305] (controller) StdoutLine: {'line': b'-- Installing: /home/gryd/Project/ros2-ws/install/controller/share/ament_index/resource_index/packages/controller\n'}
[15.633468] (controller) StdoutLine: {'line': b'-- Installing: /home/gryd/Project/ros2-ws/install/controller/share/controller/cmake/controllerConfig.cmake\n'}
[15.633671] (controller) StdoutLine: {'line': b'-- Installing: /home/gryd/Project/ros2-ws/install/controller/share/controller/cmake/controllerConfig-version.cmake\n'}
[15.633861] (controller) StdoutLine: {'line': b'-- Installing: /home/gryd/Project/ros2-ws/install/controller/share/controller/package.xml\n'}
[15.635950] (controller) CommandEnded: {'returncode': 0}
[15.685417] (-) TimerEvent: {}
[15.735706] (controller) JobEnded: {'identifier': 'controller', 'rc': 0}
[15.737179] (-) EventReactorShutdown: {}
