[0.170s] DEBUG:colcon:Command line arguments: ['/usr/bin/colcon', 'build', '--packages-select', 'controller']
[0.170s] DEBUG:colcon:Parsed command line arguments: Namespace(log_base=None, log_level=None, verb_name='build', build_base='build', install_base='install', merge_install=False, symlink_install=False, test_result_base=None, continue_on_error=False, executor='parallel', parallel_workers=4, event_handlers=None, ignore_user_meta=False, metas=['./colcon.meta'], base_paths=['.'], packages_ignore=None, packages_ignore_regex=None, paths=None, packages_up_to=None, packages_up_to_regex=None, packages_above=None, packages_above_and_dependencies=None, packages_above_depth=None, packages_select_by_dep=None, packages_skip_by_dep=None, packages_skip_up_to=None, packages_select_build_failed=False, packages_skip_build_finished=False, packages_select_test_failures=False, packages_skip_test_passed=False, packages_select=['controller'], packages_skip=None, packages_select_regex=None, packages_skip_regex=None, packages_start=None, packages_end=None, allow_overriding=[], cmake_args=None, cmake_target=None, cmake_target_skip_unavailable=False, cmake_clean_cache=False, cmake_clean_first=False, cmake_force_configure=False, ament_cmake_args=None, catkin_cmake_args=None, catkin_skip_building_tests=False, verb_parser=<colcon_defaults.argument_parser.defaults.DefaultArgumentsDecorator object at 0x73bf612fc340>, verb_extension=<colcon_core.verb.build.BuildVerb object at 0x73bf612c7df0>, main=<bound method BuildVerb.main of <colcon_core.verb.build.BuildVerb object at 0x73bf612c7df0>>)
[0.423s] Level 1:colcon.colcon_core.package_discovery:discover_packages(colcon_meta) check parameters
[0.424s] Level 1:colcon.colcon_core.package_discovery:discover_packages(recursive) check parameters
[0.424s] Level 1:colcon.colcon_core.package_discovery:discover_packages(ignore) check parameters
[0.425s] Level 1:colcon.colcon_core.package_discovery:discover_packages(path) check parameters
[0.425s] Level 1:colcon.colcon_core.package_discovery:discover_packages(colcon_meta) discover
[0.425s] Level 1:colcon.colcon_core.package_discovery:discover_packages(recursive) discover
[0.425s] INFO:colcon.colcon_core.package_discovery:Crawling recursively for packages in '/home/gryd/Project/ros2-ws'
[0.425s] Level 1:colcon.colcon_core.package_identification:_identify(.) by extensions ['ignore', 'ignore_ament_install']
[0.426s] Level 1:colcon.colcon_core.package_identification:_identify(.) by extension 'ignore'
[0.426s] Level 1:colcon.colcon_core.package_identification:_identify(.) by extension 'ignore_ament_install'
[0.427s] Level 1:colcon.colcon_core.package_identification:_identify(.) by extensions ['colcon_pkg']
[0.427s] Level 1:colcon.colcon_core.package_identification:_identify(.) by extension 'colcon_pkg'
[0.427s] Level 1:colcon.colcon_core.package_identification:_identify(.) by extensions ['colcon_meta']
[0.427s] Level 1:colcon.colcon_core.package_identification:_identify(.) by extension 'colcon_meta'
[0.428s] Level 1:colcon.colcon_core.package_identification:_identify(.) by extensions ['ros']
[0.428s] Level 1:colcon.colcon_core.package_identification:_identify(.) by extension 'ros'
[0.448s] Level 1:colcon.colcon_core.package_identification:_identify(.) by extensions ['cmake', 'python']
[0.448s] Level 1:colcon.colcon_core.package_identification:_identify(.) by extension 'cmake'
[0.448s] Level 1:colcon.colcon_core.package_identification:_identify(.) by extension 'python'
[0.448s] Level 1:colcon.colcon_core.package_identification:_identify(.) by extensions ['python_setup_py']
[0.448s] Level 1:colcon.colcon_core.package_identification:_identify(.) by extension 'python_setup_py'
[0.449s] Level 1:colcon.colcon_core.package_identification:_identify(build) by extensions ['ignore', 'ignore_ament_install']
[0.449s] Level 1:colcon.colcon_core.package_identification:_identify(build) by extension 'ignore'
[0.449s] Level 1:colcon.colcon_core.package_identification:_identify(build) ignored
[0.449s] Level 1:colcon.colcon_core.package_identification:_identify(install) by extensions ['ignore', 'ignore_ament_install']
[0.450s] Level 1:colcon.colcon_core.package_identification:_identify(install) by extension 'ignore'
[0.450s] Level 1:colcon.colcon_core.package_identification:_identify(install) ignored
[0.450s] Level 1:colcon.colcon_core.package_identification:_identify(log) by extensions ['ignore', 'ignore_ament_install']
[0.450s] Level 1:colcon.colcon_core.package_identification:_identify(log) by extension 'ignore'
[0.450s] Level 1:colcon.colcon_core.package_identification:_identify(log) ignored
[0.450s] Level 1:colcon.colcon_core.package_identification:_identify(src) by extensions ['ignore', 'ignore_ament_install']
[0.451s] Level 1:colcon.colcon_core.package_identification:_identify(src) by extension 'ignore'
[0.451s] Level 1:colcon.colcon_core.package_identification:_identify(src) by extension 'ignore_ament_install'
[0.451s] Level 1:colcon.colcon_core.package_identification:_identify(src) by extensions ['colcon_pkg']
[0.451s] Level 1:colcon.colcon_core.package_identification:_identify(src) by extension 'colcon_pkg'
[0.451s] Level 1:colcon.colcon_core.package_identification:_identify(src) by extensions ['colcon_meta']
[0.451s] Level 1:colcon.colcon_core.package_identification:_identify(src) by extension 'colcon_meta'
[0.451s] Level 1:colcon.colcon_core.package_identification:_identify(src) by extensions ['ros']
[0.451s] Level 1:colcon.colcon_core.package_identification:_identify(src) by extension 'ros'
[0.451s] Level 1:colcon.colcon_core.package_identification:_identify(src) by extensions ['cmake', 'python']
[0.451s] Level 1:colcon.colcon_core.package_identification:_identify(src) by extension 'cmake'
[0.451s] Level 1:colcon.colcon_core.package_identification:_identify(src) by extension 'python'
[0.452s] Level 1:colcon.colcon_core.package_identification:_identify(src) by extensions ['python_setup_py']
[0.452s] Level 1:colcon.colcon_core.package_identification:_identify(src) by extension 'python_setup_py'
[0.452s] Level 1:colcon.colcon_core.package_identification:_identify(src/calculator) by extensions ['ignore', 'ignore_ament_install']
[0.452s] Level 1:colcon.colcon_core.package_identification:_identify(src/calculator) by extension 'ignore'
[0.452s] Level 1:colcon.colcon_core.package_identification:_identify(src/calculator) by extension 'ignore_ament_install'
[0.452s] Level 1:colcon.colcon_core.package_identification:_identify(src/calculator) by extensions ['colcon_pkg']
[0.452s] Level 1:colcon.colcon_core.package_identification:_identify(src/calculator) by extension 'colcon_pkg'
[0.452s] Level 1:colcon.colcon_core.package_identification:_identify(src/calculator) by extensions ['colcon_meta']
[0.452s] Level 1:colcon.colcon_core.package_identification:_identify(src/calculator) by extension 'colcon_meta'
[0.453s] Level 1:colcon.colcon_core.package_identification:_identify(src/calculator) by extensions ['ros']
[0.453s] Level 1:colcon.colcon_core.package_identification:_identify(src/calculator) by extension 'ros'
[0.457s] DEBUG:colcon.colcon_core.package_identification:Package 'src/calculator' with type 'ros.ament_cmake' and name 'calculator'
[0.457s] Level 1:colcon.colcon_core.package_identification:_identify(src/controller) by extensions ['ignore', 'ignore_ament_install']
[0.458s] Level 1:colcon.colcon_core.package_identification:_identify(src/controller) by extension 'ignore'
[0.458s] Level 1:colcon.colcon_core.package_identification:_identify(src/controller) by extension 'ignore_ament_install'
[0.458s] Level 1:colcon.colcon_core.package_identification:_identify(src/controller) by extensions ['colcon_pkg']
[0.458s] Level 1:colcon.colcon_core.package_identification:_identify(src/controller) by extension 'colcon_pkg'
[0.458s] Level 1:colcon.colcon_core.package_identification:_identify(src/controller) by extensions ['colcon_meta']
[0.458s] Level 1:colcon.colcon_core.package_identification:_identify(src/controller) by extension 'colcon_meta'
[0.458s] Level 1:colcon.colcon_core.package_identification:_identify(src/controller) by extensions ['ros']
[0.458s] Level 1:colcon.colcon_core.package_identification:_identify(src/controller) by extension 'ros'
[0.459s] DEBUG:colcon.colcon_core.package_identification:Package 'src/controller' with type 'ros.ament_cmake' and name 'controller'
[0.460s] Level 1:colcon.colcon_core.package_identification:_identify(src/interfaces) by extensions ['ignore', 'ignore_ament_install']
[0.460s] Level 1:colcon.colcon_core.package_identification:_identify(src/interfaces) by extension 'ignore'
[0.460s] Level 1:colcon.colcon_core.package_identification:_identify(src/interfaces) by extension 'ignore_ament_install'
[0.460s] Level 1:colcon.colcon_core.package_identification:_identify(src/interfaces) by extensions ['colcon_pkg']
[0.460s] Level 1:colcon.colcon_core.package_identification:_identify(src/interfaces) by extension 'colcon_pkg'
[0.461s] Level 1:colcon.colcon_core.package_identification:_identify(src/interfaces) by extensions ['colcon_meta']
[0.461s] Level 1:colcon.colcon_core.package_identification:_identify(src/interfaces) by extension 'colcon_meta'
[0.461s] Level 1:colcon.colcon_core.package_identification:_identify(src/interfaces) by extensions ['ros']
[0.461s] Level 1:colcon.colcon_core.package_identification:_identify(src/interfaces) by extension 'ros'
[0.462s] DEBUG:colcon.colcon_core.package_identification:Package 'src/interfaces' with type 'ros.ament_cmake' and name 'interfaces'
[0.463s] Level 1:colcon.colcon_core.package_identification:_identify(src/pubsub) by extensions ['ignore', 'ignore_ament_install']
[0.463s] Level 1:colcon.colcon_core.package_identification:_identify(src/pubsub) by extension 'ignore'
[0.463s] Level 1:colcon.colcon_core.package_identification:_identify(src/pubsub) by extension 'ignore_ament_install'
[0.463s] Level 1:colcon.colcon_core.package_identification:_identify(src/pubsub) by extensions ['colcon_pkg']
[0.463s] Level 1:colcon.colcon_core.package_identification:_identify(src/pubsub) by extension 'colcon_pkg'
[0.463s] Level 1:colcon.colcon_core.package_identification:_identify(src/pubsub) by extensions ['colcon_meta']
[0.463s] Level 1:colcon.colcon_core.package_identification:_identify(src/pubsub) by extension 'colcon_meta'
[0.464s] Level 1:colcon.colcon_core.package_identification:_identify(src/pubsub) by extensions ['ros']
[0.464s] Level 1:colcon.colcon_core.package_identification:_identify(src/pubsub) by extension 'ros'
[0.465s] DEBUG:colcon.colcon_core.package_identification:Package 'src/pubsub' with type 'ros.ament_cmake' and name 'pubsub'
[0.465s] Level 1:colcon.colcon_core.package_discovery:discover_packages(recursive) using defaults
[0.465s] Level 1:colcon.colcon_core.package_discovery:discover_packages(ignore) discover
[0.465s] Level 1:colcon.colcon_core.package_discovery:discover_packages(ignore) using defaults
[0.465s] Level 1:colcon.colcon_core.package_discovery:discover_packages(path) discover
[0.466s] Level 1:colcon.colcon_core.package_discovery:discover_packages(path) using defaults
[0.495s] INFO:colcon.colcon_core.package_selection:Skipping not selected package 'interfaces' in 'src/interfaces'
[0.495s] INFO:colcon.colcon_core.package_selection:Skipping not selected package 'pubsub' in 'src/pubsub'
[0.495s] INFO:colcon.colcon_core.package_selection:Skipping not selected package 'calculator' in 'src/calculator'
[0.496s] Level 1:colcon.colcon_core.package_discovery:discover_packages(prefix_path) check parameters
[0.496s] Level 1:colcon.colcon_core.package_discovery:discover_packages(prefix_path) discover
[0.498s] DEBUG:colcon.colcon_installed_package_information.package_discovery:Found 3 installed packages in /home/gryd/Project/ros2-ws/install
[0.499s] DEBUG:colcon.colcon_installed_package_information.package_discovery:Found 0 installed packages in /home/gryd/Project/ros2_humble/install
[0.501s] DEBUG:colcon.colcon_installed_package_information.package_discovery:Found 300 installed packages in /opt/ros/humble
[0.504s] Level 1:colcon.colcon_core.package_discovery:discover_packages(prefix_path) using defaults
[0.617s] Level 5:colcon.colcon_core.verb:set package 'controller' build argument 'cmake_args' from command line to 'None'
[0.617s] Level 5:colcon.colcon_core.verb:set package 'controller' build argument 'cmake_target' from command line to 'None'
[0.617s] Level 5:colcon.colcon_core.verb:set package 'controller' build argument 'cmake_target_skip_unavailable' from command line to 'False'
[0.617s] Level 5:colcon.colcon_core.verb:set package 'controller' build argument 'cmake_clean_cache' from command line to 'False'
[0.617s] Level 5:colcon.colcon_core.verb:set package 'controller' build argument 'cmake_clean_first' from command line to 'False'
[0.617s] Level 5:colcon.colcon_core.verb:set package 'controller' build argument 'cmake_force_configure' from command line to 'False'
[0.617s] Level 5:colcon.colcon_core.verb:set package 'controller' build argument 'ament_cmake_args' from command line to 'None'
[0.617s] Level 5:colcon.colcon_core.verb:set package 'controller' build argument 'catkin_cmake_args' from command line to 'None'
[0.617s] Level 5:colcon.colcon_core.verb:set package 'controller' build argument 'catkin_skip_building_tests' from command line to 'False'
[0.617s] DEBUG:colcon.colcon_core.verb:Building package 'controller' with the following arguments: {'ament_cmake_args': None, 'build_base': '/home/gryd/Project/ros2-ws/build/controller', 'catkin_cmake_args': None, 'catkin_skip_building_tests': False, 'cmake_args': None, 'cmake_clean_cache': False, 'cmake_clean_first': False, 'cmake_force_configure': False, 'cmake_target': None, 'cmake_target_skip_unavailable': False, 'install_base': '/home/gryd/Project/ros2-ws/install/controller', 'merge_install': False, 'path': '/home/gryd/Project/ros2-ws/src/controller', 'symlink_install': False, 'test_result_base': None}
[0.617s] INFO:colcon.colcon_core.executor:Executing jobs using 'parallel' executor
[0.618s] DEBUG:colcon.colcon_parallel_executor.executor.parallel:run_until_complete
[0.619s] INFO:colcon.colcon_ros.task.ament_cmake.build:Building ROS package in '/home/gryd/Project/ros2-ws/src/controller' with build type 'ament_cmake'
[0.619s] INFO:colcon.colcon_cmake.task.cmake.build:Building CMake package in '/home/gryd/Project/ros2-ws/src/controller'
[0.623s] INFO:colcon.colcon_core.plugin_system:Skipping extension 'colcon_core.shell.bat': Not used on non-Windows systems
[0.623s] INFO:colcon.colcon_core.shell:Skip shell extension 'powershell' for command environment: Not usable outside of PowerShell
[0.623s] DEBUG:colcon.colcon_core.shell:Skip shell extension 'dsv' for command environment
[0.643s] DEBUG:colcon.colcon_core.event_handler.log_command:Invoking command in '/home/gryd/Project/ros2-ws/build/controller': CMAKE_PREFIX_PATH=${CMAKE_PREFIX_PATH}:/opt/ros/humble /usr/bin/cmake --build /home/gryd/Project/ros2-ws/build/controller -- -j4 -l4
[16.181s] DEBUG:colcon.colcon_core.event_handler.log_command:Invoked command in '/home/gryd/Project/ros2-ws/build/controller' returned '0': CMAKE_PREFIX_PATH=${CMAKE_PREFIX_PATH}:/opt/ros/humble /usr/bin/cmake --build /home/gryd/Project/ros2-ws/build/controller -- -j4 -l4
[16.236s] DEBUG:colcon.colcon_core.event_handler.log_command:Invoking command in '/home/gryd/Project/ros2-ws/build/controller': CMAKE_PREFIX_PATH=${CMAKE_PREFIX_PATH}:/opt/ros/humble /usr/bin/cmake --install /home/gryd/Project/ros2-ws/build/controller
[16.254s] Level 1:colcon.colcon_core.environment:create_environment_scripts_only(controller)
[16.255s] DEBUG:colcon.colcon_core.event_handler.log_command:Invoked command in '/home/gryd/Project/ros2-ws/build/controller' returned '0': CMAKE_PREFIX_PATH=${CMAKE_PREFIX_PATH}:/opt/ros/humble /usr/bin/cmake --install /home/gryd/Project/ros2-ws/build/controller
[16.260s] Level 1:colcon.colcon_core.environment:checking '/home/gryd/Project/ros2-ws/install/controller' for CMake module files
[16.261s] Level 1:colcon.colcon_core.environment:checking '/home/gryd/Project/ros2-ws/install/controller' for CMake config files
[16.261s] Level 1:colcon.colcon_core.shell:create_environment_hook('controller', 'cmake_prefix_path')
[16.262s] INFO:colcon.colcon_core.shell:Creating environment hook '/home/gryd/Project/ros2-ws/install/controller/share/controller/hook/cmake_prefix_path.ps1'
[16.265s] INFO:colcon.colcon_core.shell:Creating environment descriptor '/home/gryd/Project/ros2-ws/install/controller/share/controller/hook/cmake_prefix_path.dsv'
[16.268s] INFO:colcon.colcon_core.shell:Creating environment hook '/home/gryd/Project/ros2-ws/install/controller/share/controller/hook/cmake_prefix_path.sh'
[16.270s] Level 1:colcon.colcon_core.environment:checking '/home/gryd/Project/ros2-ws/install/controller/bin'
[16.270s] Level 1:colcon.colcon_core.environment:checking '/home/gryd/Project/ros2-ws/install/controller/lib/pkgconfig/controller.pc'
[16.270s] Level 1:colcon.colcon_core.environment:checking '/home/gryd/Project/ros2-ws/install/controller/lib/python3.10/site-packages'
[16.271s] Level 1:colcon.colcon_core.environment:checking '/home/gryd/Project/ros2-ws/install/controller/bin'
[16.271s] INFO:colcon.colcon_core.shell:Creating package script '/home/gryd/Project/ros2-ws/install/controller/share/controller/package.ps1'
[16.273s] INFO:colcon.colcon_core.shell:Creating package descriptor '/home/gryd/Project/ros2-ws/install/controller/share/controller/package.dsv'
[16.274s] INFO:colcon.colcon_core.shell:Creating package script '/home/gryd/Project/ros2-ws/install/controller/share/controller/package.sh'
[16.276s] INFO:colcon.colcon_core.shell:Creating package script '/home/gryd/Project/ros2-ws/install/controller/share/controller/package.bash'
[16.278s] INFO:colcon.colcon_core.shell:Creating package script '/home/gryd/Project/ros2-ws/install/controller/share/controller/package.zsh'
[16.281s] Level 1:colcon.colcon_core.environment:create_file_with_runtime_dependencies(/home/gryd/Project/ros2-ws/install/controller/share/colcon-core/packages/controller)
[16.329s] Level 1:colcon.colcon_core.environment:create_environment_scripts_only(controller)
[16.331s] Level 1:colcon.colcon_core.environment:checking '/home/gryd/Project/ros2-ws/install/controller' for CMake module files
[16.333s] Level 1:colcon.colcon_core.environment:checking '/home/gryd/Project/ros2-ws/install/controller' for CMake config files
[16.334s] Level 1:colcon.colcon_core.shell:create_environment_hook('controller', 'cmake_prefix_path')
[16.335s] INFO:colcon.colcon_core.shell:Creating environment hook '/home/gryd/Project/ros2-ws/install/controller/share/controller/hook/cmake_prefix_path.ps1'
[16.337s] INFO:colcon.colcon_core.shell:Creating environment descriptor '/home/gryd/Project/ros2-ws/install/controller/share/controller/hook/cmake_prefix_path.dsv'
[16.338s] INFO:colcon.colcon_core.shell:Creating environment hook '/home/gryd/Project/ros2-ws/install/controller/share/controller/hook/cmake_prefix_path.sh'
[16.339s] Level 1:colcon.colcon_core.environment:checking '/home/gryd/Project/ros2-ws/install/controller/bin'
[16.339s] Level 1:colcon.colcon_core.environment:checking '/home/gryd/Project/ros2-ws/install/controller/lib/pkgconfig/controller.pc'
[16.340s] Level 1:colcon.colcon_core.environment:checking '/home/gryd/Project/ros2-ws/install/controller/lib/python3.10/site-packages'
[16.341s] Level 1:colcon.colcon_core.environment:checking '/home/gryd/Project/ros2-ws/install/controller/bin'
[16.342s] INFO:colcon.colcon_core.shell:Creating package script '/home/gryd/Project/ros2-ws/install/controller/share/controller/package.ps1'
[16.344s] INFO:colcon.colcon_core.shell:Creating package descriptor '/home/gryd/Project/ros2-ws/install/controller/share/controller/package.dsv'
[16.348s] INFO:colcon.colcon_core.shell:Creating package script '/home/gryd/Project/ros2-ws/install/controller/share/controller/package.sh'
[16.349s] INFO:colcon.colcon_core.shell:Creating package script '/home/gryd/Project/ros2-ws/install/controller/share/controller/package.bash'
[16.351s] INFO:colcon.colcon_core.shell:Creating package script '/home/gryd/Project/ros2-ws/install/controller/share/controller/package.zsh'
[16.354s] Level 1:colcon.colcon_core.environment:create_file_with_runtime_dependencies(/home/gryd/Project/ros2-ws/install/controller/share/colcon-core/packages/controller)
[16.355s] DEBUG:colcon.colcon_parallel_executor.executor.parallel:closing loop
[16.355s] DEBUG:colcon.colcon_parallel_executor.executor.parallel:loop closed
[16.355s] DEBUG:colcon.colcon_parallel_executor.executor.parallel:run_until_complete finished with '0'
[16.355s] DEBUG:colcon.colcon_core.event_reactor:joining thread
[16.371s] INFO:colcon.colcon_core.plugin_system:Skipping extension 'colcon_notification.desktop_notification.notify_send': Could not find 'notify-send'
[16.371s] INFO:colcon.colcon_core.plugin_system:Skipping extension 'colcon_notification.desktop_notification.terminal_notifier': Not used on non-Darwin systems
[16.371s] INFO:colcon.colcon_core.plugin_system:Skipping extension 'colcon_notification.desktop_notification.win32': Not used on non-Windows systems
[16.371s] INFO:colcon.colcon_notification.desktop_notification:Sending desktop notification using 'notify2'
[16.415s] DEBUG:colcon.colcon_core.event_reactor:joined thread
[16.417s] INFO:colcon.colcon_core.shell:Creating prefix script '/home/gryd/Project/ros2-ws/install/local_setup.ps1'
[16.421s] INFO:colcon.colcon_core.shell:Creating prefix util module '/home/gryd/Project/ros2-ws/install/_local_setup_util_ps1.py'
[16.424s] INFO:colcon.colcon_core.shell:Creating prefix chain script '/home/gryd/Project/ros2-ws/install/setup.ps1'
[16.430s] INFO:colcon.colcon_core.shell:Creating prefix script '/home/gryd/Project/ros2-ws/install/local_setup.sh'
[16.435s] INFO:colcon.colcon_core.shell:Creating prefix util module '/home/gryd/Project/ros2-ws/install/_local_setup_util_sh.py'
[16.437s] INFO:colcon.colcon_core.shell:Creating prefix chain script '/home/gryd/Project/ros2-ws/install/setup.sh'
[16.441s] INFO:colcon.colcon_core.shell:Creating prefix script '/home/gryd/Project/ros2-ws/install/local_setup.bash'
[16.442s] INFO:colcon.colcon_core.shell:Creating prefix chain script '/home/gryd/Project/ros2-ws/install/setup.bash'
[16.448s] INFO:colcon.colcon_core.shell:Creating prefix script '/home/gryd/Project/ros2-ws/install/local_setup.zsh'
[16.450s] INFO:colcon.colcon_core.shell:Creating prefix chain script '/home/gryd/Project/ros2-ws/install/setup.zsh'
