[0.014s] Invoking command in '/home/gryd/Project/ros2-ws/build/pubsub': CMAKE_PREFIX_PATH=/opt/ros/humble /usr/bin/cmake /home/gryd/Project/ros2-ws/src/pubsub -DCMAKE_INSTALL_PREFIX=/home/gryd/Project/ros2-ws/install/pubsub
[0.093s] -- The C compiler identification is GNU 11.4.0
[0.166s] -- The CXX compiler identification is GNU 11.4.0
[0.174s] -- Detecting C compiler ABI info
[0.271s] -- Detecting C compiler ABI info - done
[0.290s] -- Check for working C compiler: /usr/bin/cc - skipped
[0.291s] -- Detecting C compile features
[0.292s] -- Detecting C compile features - done
[0.299s] -- Detecting CXX compiler ABI info
[0.399s] -- Detecting CXX compiler ABI info - done
[0.414s] -- Check for working CXX compiler: /usr/bin/c++ - skipped
[0.415s] -- Detecting CXX compile features
[0.417s] -- Detecting CXX compile features - done
[0.435s] -- Found ament_cmake: 1.3.10 (/opt/ros/humble/share/ament_cmake/cmake)
[0.782s] -- Found Python3: /usr/bin/python3 (found version "3.10.12") found components: Interpreter 
[0.966s] -- Found rclcpp: 16.0.10 (/opt/ros/humble/share/rclcpp/cmake)
[1.060s] -- Found rosidl_generator_c: 3.1.5 (/opt/ros/humble/share/rosidl_generator_c/cmake)
[1.071s] -- Found rosidl_adapter: 3.1.5 (/opt/ros/humble/share/rosidl_adapter/cmake)
[1.096s] -- Found rosidl_generator_cpp: 3.1.5 (/opt/ros/humble/share/rosidl_generator_cpp/cmake)
[1.140s] -- Using all available rosidl_typesupport_c: rosidl_typesupport_fastrtps_c;rosidl_typesupport_introspection_c
[1.178s] -- Using all available rosidl_typesupport_cpp: rosidl_typesupport_fastrtps_cpp;rosidl_typesupport_introspection_cpp
[1.302s] -- Found rmw_implementation_cmake: 6.1.2 (/opt/ros/humble/share/rmw_implementation_cmake/cmake)
[1.308s] -- Found rmw_fastrtps_cpp: 6.2.7 (/opt/ros/humble/share/rmw_fastrtps_cpp/cmake)
[1.496s] -- Found OpenSSL: /usr/lib/x86_64-linux-gnu/libcrypto.so (found version "3.0.2")  
[1.551s] -- Found FastRTPS: /opt/ros/humble/include  
[1.625s] -- Using RMW implementation 'rmw_fastrtps_cpp' as default
[1.644s] -- Looking for pthread.h
[1.742s] -- Looking for pthread.h - found
[1.743s] -- Performing Test CMAKE_HAVE_LIBC_PTHREAD
[1.837s] -- Performing Test CMAKE_HAVE_LIBC_PTHREAD - Success
[1.839s] -- Found Threads: TRUE  
[1.953s] -- Found ament_lint_auto: 0.12.11 (/opt/ros/humble/share/ament_lint_auto/cmake)
[2.086s] -- Added test 'cppcheck' to perform static code analysis on C / C++ code
[2.086s] -- Configured cppcheck include dirs: 
[2.086s] -- Configured cppcheck exclude dirs and/or files: 
[2.088s] -- Added test 'lint_cmake' to check CMake code style
[2.090s] -- Added test 'uncrustify' to check C / C++ code style
[2.090s] -- Configured uncrustify additional arguments: 
[2.091s] -- Added test 'xmllint' to check XML markup files
[2.095s] -- Configuring done
[2.112s] -- Generating done
[2.115s] -- Build files have been written to: /home/gryd/Project/ros2-ws/build/pubsub
[2.138s] Invoked command in '/home/gryd/Project/ros2-ws/build/pubsub' returned '0': CMAKE_PREFIX_PATH=/opt/ros/humble /usr/bin/cmake /home/gryd/Project/ros2-ws/src/pubsub -DCMAKE_INSTALL_PREFIX=/home/gryd/Project/ros2-ws/install/pubsub
[2.143s] Invoking command in '/home/gryd/Project/ros2-ws/build/pubsub': CMAKE_PREFIX_PATH=/opt/ros/humble /usr/bin/cmake --build /home/gryd/Project/ros2-ws/build/pubsub -- -j4 -l4
[2.199s] [ 50%] [32mBuilding CXX object CMakeFiles/sub.dir/src/sub.cpp.o[0m
[2.200s] [ 50%] [32mBuilding CXX object CMakeFiles/pub.dir/src/pub.cpp.o[0m
[10.590s] [ 75%] [32m[1mLinking CXX executable pub[0m
[11.054s] [ 75%] Built target pub
[16.944s] [100%] [32m[1mLinking CXX executable sub[0m
[17.798s] [100%] Built target sub
[17.811s] Invoked command in '/home/gryd/Project/ros2-ws/build/pubsub' returned '0': CMAKE_PREFIX_PATH=/opt/ros/humble /usr/bin/cmake --build /home/gryd/Project/ros2-ws/build/pubsub -- -j4 -l4
[17.859s] Invoking command in '/home/gryd/Project/ros2-ws/build/pubsub': CMAKE_PREFIX_PATH=/opt/ros/humble /usr/bin/cmake --install /home/gryd/Project/ros2-ws/build/pubsub
[17.868s] -- Install configuration: ""
[17.869s] -- Installing: /home/gryd/Project/ros2-ws/install/pubsub/lib/pubsub/pub
[17.871s] -- Set runtime path of "/home/gryd/Project/ros2-ws/install/pubsub/lib/pubsub/pub" to ""
[17.872s] -- Installing: /home/gryd/Project/ros2-ws/install/pubsub/lib/pubsub/sub
[17.877s] -- Set runtime path of "/home/gryd/Project/ros2-ws/install/pubsub/lib/pubsub/sub" to ""
[17.878s] -- Installing: /home/gryd/Project/ros2-ws/install/pubsub/share/ament_index/resource_index/package_run_dependencies/pubsub
[17.878s] -- Installing: /home/gryd/Project/ros2-ws/install/pubsub/share/ament_index/resource_index/parent_prefix_path/pubsub
[17.878s] -- Installing: /home/gryd/Project/ros2-ws/install/pubsub/share/pubsub/environment/ament_prefix_path.sh
[17.879s] -- Installing: /home/gryd/Project/ros2-ws/install/pubsub/share/pubsub/environment/ament_prefix_path.dsv
[17.879s] -- Installing: /home/gryd/Project/ros2-ws/install/pubsub/share/pubsub/environment/path.sh
[17.880s] -- Installing: /home/gryd/Project/ros2-ws/install/pubsub/share/pubsub/environment/path.dsv
[17.880s] -- Installing: /home/gryd/Project/ros2-ws/install/pubsub/share/pubsub/local_setup.bash
[17.880s] -- Installing: /home/gryd/Project/ros2-ws/install/pubsub/share/pubsub/local_setup.sh
[17.880s] -- Installing: /home/gryd/Project/ros2-ws/install/pubsub/share/pubsub/local_setup.zsh
[17.880s] -- Installing: /home/gryd/Project/ros2-ws/install/pubsub/share/pubsub/local_setup.dsv
[17.881s] -- Installing: /home/gryd/Project/ros2-ws/install/pubsub/share/pubsub/package.dsv
[17.881s] -- Installing: /home/gryd/Project/ros2-ws/install/pubsub/share/ament_index/resource_index/packages/pubsub
[17.881s] -- Installing: /home/gryd/Project/ros2-ws/install/pubsub/share/pubsub/cmake/pubsubConfig.cmake
[17.882s] -- Installing: /home/gryd/Project/ros2-ws/install/pubsub/share/pubsub/cmake/pubsubConfig-version.cmake
[17.882s] -- Installing: /home/gryd/Project/ros2-ws/install/pubsub/share/pubsub/package.xml
[17.884s] Invoked command in '/home/gryd/Project/ros2-ws/build/pubsub' returned '0': CMAKE_PREFIX_PATH=/opt/ros/humble /usr/bin/cmake --install /home/gryd/Project/ros2-ws/build/pubsub
