[0.000000] (-) TimerEvent: {}
[0.000573] (-) JobUnselected: {'identifier': 'calculator'}
[0.000843] (-) JobUnselected: {'identifier': 'interfaces'}
[0.001115] (-) JobUnselected: {'identifier': 'pubsub'}
[0.001210] (controller) JobQueued: {'identifier': 'controller', 'dependencies': OrderedDict()}
[0.001294] (controller) JobStarted: {'identifier': 'controller'}
[0.012318] (controller) JobProgress: {'identifier': 'controller', 'progress': 'cmake'}
[0.013096] (controller) JobProgress: {'identifier': 'controller', 'progress': 'build'}
[0.013947] (controller) Command: {'cmd': ['/usr/bin/cmake', '--build', '/home/gryd/Project/ros2-ws/build/controller', '--', '-j4', '-l4'], 'cwd': '/home/gryd/Project/ros2-ws/build/controller', 'env': OrderedDict([('KDE_FULL_SESSION', 'true'), ('BLE_SESSION_ID', '1729417770.192678/13087'), ('MAIL', '/var/spool/mail/gryd'), ('USER', 'gryd'), ('PAM_KWALLET5_LOGIN', '/run/user/1000/kwallet5.socket'), ('LESS_TERMCAP_ue', '\x1b[0m'), ('LC_TIME', 'en_US.UTF-8'), ('HOSTNAME', 'gryd-thinkpad'), ('XDG_SESSION_TYPE', 'wayland'), ('GIT_ASKPASS', '/var/tmp/.vscode-server/bin/384ff7382de624fb94dbaf6da11977bba1ecd427/extensions/git/dist/askpass.sh'), ('GREP_COLOR', '37;45'), ('QT_WAYLAND_RECONNECT', '1'), ('SHLVL', '2'), ('LD_LIBRARY_PATH', '/opt/ros/humble/opt/rviz_ogre_vendor/lib:/opt/ros/humble/lib/x86_64-linux-gnu:/opt/ros/humble/lib'), ('BROWSER', '/var/tmp/.vscode-server/bin/384ff7382de624fb94dbaf6da11977bba1ecd427/bin/helpers/browser.sh'), ('HISTIGNORE', '&:[ ]*:exit:ls:bg:fg:history:clear'), ('LESS', '--ignore-case --jump-target=4 --LONG-PROMPT --no-init --quit-if-one-screen --RAW-CONTROL-CHARS'), ('HOME', '/home/gryd'), ('NVM_COMPLETION', 'true'), ('KDE_APPLICATIONS_AS_SCOPE', '1'), ('OLDPWD', '/var/tmp/.vscode-server/bin/384ff7382de624fb94dbaf6da11977bba1ecd427'), ('TERM_PROGRAM_VERSION', '1.94.2'), ('VSCODE_IPC_HOOK_CLI', '/run/user/1000/vscode-ipc-9148c68e-5560-4186-b8e9-a7932a2c1bb6.sock'), ('ROS_PYTHON_VERSION', '3'), ('GTK_RC_FILES', '/etc/gtk/gtkrc:/home/gryd/.gtkrc:/home/gryd/.config/gtkrc'), ('KDE_SESSION_VERSION', '6'), ('PAGER', 'less'), ('VSCODE_GIT_ASKPASS_MAIN', '/var/tmp/.vscode-server/bin/384ff7382de624fb94dbaf6da11977bba1ecd427/extensions/git/dist/askpass-main.js'), ('LC_MONETARY', 'en_US.UTF-8'), ('GREP_COLORS', 'mt=37;45'), ('VSCODE_GIT_ASKPASS_NODE', '/var/tmp/.vscode-server/bin/384ff7382de624fb94dbaf6da11977bba1ecd427/node'), ('MANAGERPID', '1600'), ('SYSTEMD_EXEC_PID', '5138'), ('XDG_STATE_HOME', '/home/gryd/.local/state'), ('DBUS_SESSION_BUS_ADDRESS', 'unix:path=/run/user/1000/bus'), ('COLORTERM', 'truecolor'), ('container', 'sudo docker'), ('REMOTE_CONTAINERS', 'true'), ('NVM_DIR', '/home/gryd/.nvm'), ('TMUX_TMPDIR', '/var/tmp'), ('WAYLAND_DISPLAY', 'wayland-0'), ('COLCON_PREFIX_PATH', '/home/gryd/Project/ros2-ws/install:/home/gryd/Project/ros2_humble/install'), ('XKB_DEFAULT_LAYOUT', 'us'), ('ROS_DISTRO', 'humble'), ('REMOTE_CONTAINERS_IPC', '/tmp/vscode-remote-containers-ipc-837ac02a-c3d9-44c3-b23e-3b13d51a486d.sock'), ('LOGNAME', 'gryd'), ('LESS_TERMCAP_us', '\x1b[1;32m'), ('QT_AUTO_SCREEN_SCALE_FACTOR', '0'), ('JOURNAL_STREAM', '8:30765'), ('_', '/usr/bin/colcon'), ('ROS_VERSION', '2'), ('MEMORY_PRESSURE_WATCH', '/sys/fs/cgroup/user.slice/user-1000.slice/user@1000.service/app.slice/flatpak-session-helper.service/memory.pressure'), ('XDG_SESSION_CLASS', 'user'), ('TERMINFO_DIRS', '/usr/share/terminfo:/run/host/usr/share/terminfo'), ('TERM', 'xterm-256color'), ('XDG_SESSION_ID', '1'), ('ROS_LOCALHOST_ONLY', '0'), ('GTK2_RC_FILES', '/etc/gtk-2.0/gtkrc:/home/gryd/.gtkrc-2.0:/home/gryd/.config/gtkrc-2.0'), ('LC_COLLATE', 'C'), ('PATH', '/opt/ros/humble/bin:/var/tmp/.vscode-server/bin/384ff7382de624fb94dbaf6da11977bba1ecd427/bin/remote-cli:/home/gryd/.local/bin:/usr/local/bin:/usr/local/sbin:/usr/local/bin:/usr/sbin:/usr/bin:/sbin:/bin'), ('SESSION_MANAGER', 'local/gryd-thinkpad:@/tmp/.ICE-unix/1801,unix/gryd-thinkpad:/tmp/.ICE-unix/1801'), ('INVOCATION_ID', '35b452e42234446c845b11ca0e64acf1'), ('_ble_util_fdlist_cloexec', ''), ('XDG_MENU_PREFIX', 'plasma-'), ('LC_ADDRESS', 'en_US.UTF-8'), ('XDG_RUNTIME_DIR', '/run/user/1000'), ('ZIM_CONFIG_FILE', '/home/gryd/.config/zim/zimrc'), ('ICEAUTHORITY', '/run/user/1000/iceauth_fwBHEc'), ('REMOTE_CONTAINERS_SOCKETS', '["/tmp/.X11-unix/X1","/run/user/1000/gnupg/S.gpg-agent"]'), ('DISPLAY', ':1'), ('LANG', 'en_US.UTF-8'), ('XDG_CURRENT_DESKTOP', 'KDE'), ('LC_TELEPHONE', 'en_US.UTF-8'), ('XDG_DATA_HOME', '/home/gryd/.local/share'), ('XDG_CONFIG_HOME', '/home/gryd/.config'), ('XDG_SESSION_DESKTOP', 'KDE'), ('XAUTHORITY', '/run/user/1000/xauth_ywfVPb'), ('LS_COLORS', 'di=1;34:ln=35:so=32:pi=33:ex=31:bd=1;36:cd=1;33:su=30;41:sg=30;46:tw=30;42:ow=30;43'), ('NVM_LAZY_LOAD', 'true'), ('VSCODE_GIT_IPC_HANDLE', '/run/user/1000/vscode-git-4a0e2494db.sock'), ('TERM_PROGRAM', 'vscode'), ('STARSHIP_CONFIG', '/home/gryd/.config/starship/starship.toml'), ('AMENT_PREFIX_PATH', '/home/gryd/Project/ros2-ws/install/pubsub:/home/gryd/Project/ros2-ws/install/interfaces:/opt/ros/humble'), ('UID', '1000'), ('REMOTE_CONTAINERS_DISPLAY_SOCK', '/tmp/.X11-unix/X1'), ('SHELL', '/usr/bin/bash'), ('LC_NAME', 'en_US.UTF-8'), ('LESS_TERMCAP_mb', '\x1b[1;31m'), ('LC_MEASUREMENT', 'en_US.UTF-8'), ('LINENO', '3'), ('LC_IDENTIFICATION', 'en_US.UTF-8'), ('VSCODE_GIT_ASKPASS_EXTRA_ARGS', ''), ('LESS_TERMCAP_md', '\x1b[1;31m'), ('ZSH_CUSTOM', '/home/gryd/.config/zsh/zsh-custom'), ('bleopt_connect_tty', '1'), ('PWD', '/home/gryd/Project/ros2-ws/build/controller'), ('CONTAINER_ID', 'ubuntu-distrobox'), ('QT_QPA_PLATFORM', 'xcb'), ('LESS_TERMCAP_me', '\x1b[0m'), ('NVM_CD_FLAGS', '-q'), ('XDG_DATA_DIRS', '/home/gryd/.local/share/flatpak/exports/share:/var/lib/flatpak/exports/share:'), ('_ble_util_fdvars_export', ''), ('RANGER_LOAD_DEFAULT_RC', 'false'), ('PYTHONPATH', '/opt/ros/humble/lib/python3.10/site-packages:/opt/ros/humble/local/lib/python3.10/dist-packages'), ('LC_NUMERIC', 'en_US.UTF-8'), ('LC_PAPER', 'en_US.UTF-8'), ('KDE_SESSION_UID', '1000'), ('COLCON', '1'), ('MEMORY_PRESSURE_WRITE', 'c29tZSAyMDAwMDAgMjAwMDAwMAA='), ('NVM_RC_VERSION', ''), ('EDITOR', 'nvim'), ('CMAKE_PREFIX_PATH', '/home/gryd/Project/ros2-ws/install/pubsub:/home/gryd/Project/ros2-ws/install/interfaces:/opt/ros/humble')]), 'shell': False}
[0.063082] (controller) StdoutLine: {'line': b'-- Found ament_cmake: 1.3.10 (/opt/ros/humble/share/ament_cmake/cmake)\n'}
[0.099687] (-) TimerEvent: {}
[0.200058] (-) TimerEvent: {}
[0.258444] (controller) StdoutLine: {'line': b'-- Found rclcpp: 16.0.10 (/opt/ros/humble/share/rclcpp/cmake)\n'}
[0.300225] (-) TimerEvent: {}
[0.320503] (controller) StdoutLine: {'line': b'-- Found rosidl_generator_c: 3.1.5 (/opt/ros/humble/share/rosidl_generator_c/cmake)\n'}
[0.326628] (controller) StdoutLine: {'line': b'-- Found rosidl_adapter: 3.1.5 (/opt/ros/humble/share/rosidl_adapter/cmake)\n'}
[0.335459] (controller) StdoutLine: {'line': b'-- Found rosidl_generator_cpp: 3.1.5 (/opt/ros/humble/share/rosidl_generator_cpp/cmake)\n'}
[0.356522] (controller) StdoutLine: {'line': b'-- Using all available rosidl_typesupport_c: rosidl_typesupport_fastrtps_c;rosidl_typesupport_introspection_c\n'}
[0.378188] (controller) StdoutLine: {'line': b'-- Using all available rosidl_typesupport_cpp: rosidl_typesupport_fastrtps_cpp;rosidl_typesupport_introspection_cpp\n'}
[0.400363] (-) TimerEvent: {}
[0.444324] (controller) StdoutLine: {'line': b'-- Found rmw_implementation_cmake: 6.1.2 (/opt/ros/humble/share/rmw_implementation_cmake/cmake)\n'}
[0.446012] (controller) StdoutLine: {'line': b'-- Found rmw_fastrtps_cpp: 6.2.7 (/opt/ros/humble/share/rmw_fastrtps_cpp/cmake)\n'}
[0.500461] (-) TimerEvent: {}
[0.600797] (-) TimerEvent: {}
[0.631496] (controller) StdoutLine: {'line': b"-- Using RMW implementation 'rmw_fastrtps_cpp' as default\n"}
[0.696671] (controller) StdoutLine: {'line': b'-- Found geometry_msgs: 4.2.4 (/opt/ros/humble/share/geometry_msgs/cmake)\n'}
[0.700900] (-) TimerEvent: {}
[0.720914] (controller) StdoutLine: {'line': b'-- Found sensor_msgs: 4.2.4 (/opt/ros/humble/share/sensor_msgs/cmake)\n'}
[0.747543] (controller) StdoutLine: {'line': b'-- Found ament_lint_auto: 0.12.11 (/opt/ros/humble/share/ament_lint_auto/cmake)\n'}
[0.801018] (-) TimerEvent: {}
[0.844065] (controller) StdoutLine: {'line': b"-- Added test 'cppcheck' to perform static code analysis on C / C++ code\n"}
[0.844373] (controller) StdoutLine: {'line': b'-- Configured cppcheck include dirs: \n'}
[0.844517] (controller) StdoutLine: {'line': b'-- Configured cppcheck exclude dirs and/or files: \n'}
[0.844976] (controller) StdoutLine: {'line': b"-- Added test 'lint_cmake' to check CMake code style\n"}
[0.845905] (controller) StdoutLine: {'line': b"-- Added test 'uncrustify' to check C / C++ code style\n"}
[0.846079] (controller) StdoutLine: {'line': b'-- Configured uncrustify additional arguments: \n'}
[0.846404] (controller) StdoutLine: {'line': b"-- Added test 'xmllint' to check XML markup files\n"}
[0.847429] (controller) StdoutLine: {'line': b'-- Configuring done\n'}
[0.860664] (controller) StdoutLine: {'line': b'-- Generating done\n'}
[0.863047] (controller) StdoutLine: {'line': b'-- Build files have been written to: /home/gryd/Project/ros2-ws/build/controller\n'}
[0.897937] (controller) StdoutLine: {'line': b'\x1b[35m\x1b[1mConsolidate compiler generated dependencies of target control_pub\x1b[0m\n'}
[0.901165] (-) TimerEvent: {}
[0.929935] (controller) StdoutLine: {'line': b'[ 50%] \x1b[32m\x1b[1mLinking CXX executable control_pub\x1b[0m\n'}
[1.001270] (-) TimerEvent: {}
[1.101719] (-) TimerEvent: {}
[1.202175] (-) TimerEvent: {}
[1.302602] (-) TimerEvent: {}
[1.402978] (-) TimerEvent: {}
[1.503360] (-) TimerEvent: {}
[1.603769] (-) TimerEvent: {}
[1.648271] (controller) StdoutLine: {'line': b'[100%] Built target control_pub\n'}
[1.661430] (controller) CommandEnded: {'returncode': 0}
[1.690311] (controller) JobProgress: {'identifier': 'controller', 'progress': 'install'}
[1.699305] (controller) Command: {'cmd': ['/usr/bin/cmake', '--install', '/home/gryd/Project/ros2-ws/build/controller'], 'cwd': '/home/gryd/Project/ros2-ws/build/controller', 'env': OrderedDict([('KDE_FULL_SESSION', 'true'), ('BLE_SESSION_ID', '1729417770.192678/13087'), ('MAIL', '/var/spool/mail/gryd'), ('USER', 'gryd'), ('PAM_KWALLET5_LOGIN', '/run/user/1000/kwallet5.socket'), ('LESS_TERMCAP_ue', '\x1b[0m'), ('LC_TIME', 'en_US.UTF-8'), ('HOSTNAME', 'gryd-thinkpad'), ('XDG_SESSION_TYPE', 'wayland'), ('GIT_ASKPASS', '/var/tmp/.vscode-server/bin/384ff7382de624fb94dbaf6da11977bba1ecd427/extensions/git/dist/askpass.sh'), ('GREP_COLOR', '37;45'), ('QT_WAYLAND_RECONNECT', '1'), ('SHLVL', '2'), ('LD_LIBRARY_PATH', '/opt/ros/humble/opt/rviz_ogre_vendor/lib:/opt/ros/humble/lib/x86_64-linux-gnu:/opt/ros/humble/lib'), ('BROWSER', '/var/tmp/.vscode-server/bin/384ff7382de624fb94dbaf6da11977bba1ecd427/bin/helpers/browser.sh'), ('HISTIGNORE', '&:[ ]*:exit:ls:bg:fg:history:clear'), ('LESS', '--ignore-case --jump-target=4 --LONG-PROMPT --no-init --quit-if-one-screen --RAW-CONTROL-CHARS'), ('HOME', '/home/gryd'), ('NVM_COMPLETION', 'true'), ('KDE_APPLICATIONS_AS_SCOPE', '1'), ('OLDPWD', '/var/tmp/.vscode-server/bin/384ff7382de624fb94dbaf6da11977bba1ecd427'), ('TERM_PROGRAM_VERSION', '1.94.2'), ('VSCODE_IPC_HOOK_CLI', '/run/user/1000/vscode-ipc-9148c68e-5560-4186-b8e9-a7932a2c1bb6.sock'), ('ROS_PYTHON_VERSION', '3'), ('GTK_RC_FILES', '/etc/gtk/gtkrc:/home/gryd/.gtkrc:/home/gryd/.config/gtkrc'), ('KDE_SESSION_VERSION', '6'), ('PAGER', 'less'), ('VSCODE_GIT_ASKPASS_MAIN', '/var/tmp/.vscode-server/bin/384ff7382de624fb94dbaf6da11977bba1ecd427/extensions/git/dist/askpass-main.js'), ('LC_MONETARY', 'en_US.UTF-8'), ('GREP_COLORS', 'mt=37;45'), ('VSCODE_GIT_ASKPASS_NODE', '/var/tmp/.vscode-server/bin/384ff7382de624fb94dbaf6da11977bba1ecd427/node'), ('MANAGERPID', '1600'), ('SYSTEMD_EXEC_PID', '5138'), ('XDG_STATE_HOME', '/home/gryd/.local/state'), ('DBUS_SESSION_BUS_ADDRESS', 'unix:path=/run/user/1000/bus'), ('COLORTERM', 'truecolor'), ('container', 'sudo docker'), ('REMOTE_CONTAINERS', 'true'), ('NVM_DIR', '/home/gryd/.nvm'), ('TMUX_TMPDIR', '/var/tmp'), ('WAYLAND_DISPLAY', 'wayland-0'), ('COLCON_PREFIX_PATH', '/home/gryd/Project/ros2-ws/install:/home/gryd/Project/ros2_humble/install'), ('XKB_DEFAULT_LAYOUT', 'us'), ('ROS_DISTRO', 'humble'), ('REMOTE_CONTAINERS_IPC', '/tmp/vscode-remote-containers-ipc-837ac02a-c3d9-44c3-b23e-3b13d51a486d.sock'), ('LOGNAME', 'gryd'), ('LESS_TERMCAP_us', '\x1b[1;32m'), ('QT_AUTO_SCREEN_SCALE_FACTOR', '0'), ('JOURNAL_STREAM', '8:30765'), ('_', '/usr/bin/colcon'), ('ROS_VERSION', '2'), ('MEMORY_PRESSURE_WATCH', '/sys/fs/cgroup/user.slice/user-1000.slice/user@1000.service/app.slice/flatpak-session-helper.service/memory.pressure'), ('XDG_SESSION_CLASS', 'user'), ('TERMINFO_DIRS', '/usr/share/terminfo:/run/host/usr/share/terminfo'), ('TERM', 'xterm-256color'), ('XDG_SESSION_ID', '1'), ('ROS_LOCALHOST_ONLY', '0'), ('GTK2_RC_FILES', '/etc/gtk-2.0/gtkrc:/home/gryd/.gtkrc-2.0:/home/gryd/.config/gtkrc-2.0'), ('LC_COLLATE', 'C'), ('PATH', '/opt/ros/humble/bin:/var/tmp/.vscode-server/bin/384ff7382de624fb94dbaf6da11977bba1ecd427/bin/remote-cli:/home/gryd/.local/bin:/usr/local/bin:/usr/local/sbin:/usr/local/bin:/usr/sbin:/usr/bin:/sbin:/bin'), ('SESSION_MANAGER', 'local/gryd-thinkpad:@/tmp/.ICE-unix/1801,unix/gryd-thinkpad:/tmp/.ICE-unix/1801'), ('INVOCATION_ID', '35b452e42234446c845b11ca0e64acf1'), ('_ble_util_fdlist_cloexec', ''), ('XDG_MENU_PREFIX', 'plasma-'), ('LC_ADDRESS', 'en_US.UTF-8'), ('XDG_RUNTIME_DIR', '/run/user/1000'), ('ZIM_CONFIG_FILE', '/home/gryd/.config/zim/zimrc'), ('ICEAUTHORITY', '/run/user/1000/iceauth_fwBHEc'), ('REMOTE_CONTAINERS_SOCKETS', '["/tmp/.X11-unix/X1","/run/user/1000/gnupg/S.gpg-agent"]'), ('DISPLAY', ':1'), ('LANG', 'en_US.UTF-8'), ('XDG_CURRENT_DESKTOP', 'KDE'), ('LC_TELEPHONE', 'en_US.UTF-8'), ('XDG_DATA_HOME', '/home/gryd/.local/share'), ('XDG_CONFIG_HOME', '/home/gryd/.config'), ('XDG_SESSION_DESKTOP', 'KDE'), ('XAUTHORITY', '/run/user/1000/xauth_ywfVPb'), ('LS_COLORS', 'di=1;34:ln=35:so=32:pi=33:ex=31:bd=1;36:cd=1;33:su=30;41:sg=30;46:tw=30;42:ow=30;43'), ('NVM_LAZY_LOAD', 'true'), ('VSCODE_GIT_IPC_HANDLE', '/run/user/1000/vscode-git-4a0e2494db.sock'), ('TERM_PROGRAM', 'vscode'), ('STARSHIP_CONFIG', '/home/gryd/.config/starship/starship.toml'), ('AMENT_PREFIX_PATH', '/home/gryd/Project/ros2-ws/install/pubsub:/home/gryd/Project/ros2-ws/install/interfaces:/opt/ros/humble'), ('UID', '1000'), ('REMOTE_CONTAINERS_DISPLAY_SOCK', '/tmp/.X11-unix/X1'), ('SHELL', '/usr/bin/bash'), ('LC_NAME', 'en_US.UTF-8'), ('LESS_TERMCAP_mb', '\x1b[1;31m'), ('LC_MEASUREMENT', 'en_US.UTF-8'), ('LINENO', '3'), ('LC_IDENTIFICATION', 'en_US.UTF-8'), ('VSCODE_GIT_ASKPASS_EXTRA_ARGS', ''), ('LESS_TERMCAP_md', '\x1b[1;31m'), ('ZSH_CUSTOM', '/home/gryd/.config/zsh/zsh-custom'), ('bleopt_connect_tty', '1'), ('PWD', '/home/gryd/Project/ros2-ws/build/controller'), ('CONTAINER_ID', 'ubuntu-distrobox'), ('QT_QPA_PLATFORM', 'xcb'), ('LESS_TERMCAP_me', '\x1b[0m'), ('NVM_CD_FLAGS', '-q'), ('XDG_DATA_DIRS', '/home/gryd/.local/share/flatpak/exports/share:/var/lib/flatpak/exports/share:'), ('_ble_util_fdvars_export', ''), ('RANGER_LOAD_DEFAULT_RC', 'false'), ('PYTHONPATH', '/opt/ros/humble/lib/python3.10/site-packages:/opt/ros/humble/local/lib/python3.10/dist-packages'), ('LC_NUMERIC', 'en_US.UTF-8'), ('LC_PAPER', 'en_US.UTF-8'), ('KDE_SESSION_UID', '1000'), ('COLCON', '1'), ('MEMORY_PRESSURE_WRITE', 'c29tZSAyMDAwMDAgMjAwMDAwMAA='), ('NVM_RC_VERSION', ''), ('EDITOR', 'nvim'), ('CMAKE_PREFIX_PATH', '/home/gryd/Project/ros2-ws/install/pubsub:/home/gryd/Project/ros2-ws/install/interfaces:/opt/ros/humble')]), 'shell': False}
[1.703852] (-) TimerEvent: {}
[1.708508] (controller) StdoutLine: {'line': b'-- Install configuration: ""\n'}
[1.709024] (controller) StdoutLine: {'line': b'-- Installing: /home/gryd/Project/ros2-ws/install/controller/lib/controller/control_pub\n'}
[1.714121] (controller) StdoutLine: {'line': b'-- Set runtime path of "/home/gryd/Project/ros2-ws/install/controller/lib/controller/control_pub" to ""\n'}
[1.714519] (controller) StdoutLine: {'line': b'-- Up-to-date: /home/gryd/Project/ros2-ws/install/controller/share/ament_index/resource_index/package_run_dependencies/controller\n'}
[1.714771] (controller) StdoutLine: {'line': b'-- Up-to-date: /home/gryd/Project/ros2-ws/install/controller/share/ament_index/resource_index/parent_prefix_path/controller\n'}
[1.714938] (controller) StdoutLine: {'line': b'-- Up-to-date: /home/gryd/Project/ros2-ws/install/controller/share/controller/environment/ament_prefix_path.sh\n'}
[1.715085] (controller) StdoutLine: {'line': b'-- Installing: /home/gryd/Project/ros2-ws/install/controller/share/controller/environment/ament_prefix_path.dsv\n'}
[1.715308] (controller) StdoutLine: {'line': b'-- Up-to-date: /home/gryd/Project/ros2-ws/install/controller/share/controller/environment/path.sh\n'}
[1.715521] (controller) StdoutLine: {'line': b'-- Installing: /home/gryd/Project/ros2-ws/install/controller/share/controller/environment/path.dsv\n'}
[1.715667] (controller) StdoutLine: {'line': b'-- Up-to-date: /home/gryd/Project/ros2-ws/install/controller/share/controller/local_setup.bash\n'}
[1.715805] (controller) StdoutLine: {'line': b'-- Up-to-date: /home/gryd/Project/ros2-ws/install/controller/share/controller/local_setup.sh\n'}
[1.715972] (controller) StdoutLine: {'line': b'-- Up-to-date: /home/gryd/Project/ros2-ws/install/controller/share/controller/local_setup.zsh\n'}
[1.716106] (controller) StdoutLine: {'line': b'-- Installing: /home/gryd/Project/ros2-ws/install/controller/share/controller/local_setup.dsv\n'}
[1.716477] (controller) StdoutLine: {'line': b'-- Installing: /home/gryd/Project/ros2-ws/install/controller/share/controller/package.dsv\n'}
[1.716635] (controller) StdoutLine: {'line': b'-- Up-to-date: /home/gryd/Project/ros2-ws/install/controller/share/ament_index/resource_index/packages/controller\n'}
[1.716902] (controller) StdoutLine: {'line': b'-- Up-to-date: /home/gryd/Project/ros2-ws/install/controller/share/controller/cmake/controllerConfig.cmake\n'}
[1.717076] (controller) StdoutLine: {'line': b'-- Up-to-date: /home/gryd/Project/ros2-ws/install/controller/share/controller/cmake/controllerConfig-version.cmake\n'}
[1.717225] (controller) StdoutLine: {'line': b'-- Up-to-date: /home/gryd/Project/ros2-ws/install/controller/share/controller/package.xml\n'}
[1.726188] (controller) CommandEnded: {'returncode': 0}
[1.786384] (controller) JobEnded: {'identifier': 'controller', 'rc': 0}
[1.787578] (-) EventReactorShutdown: {}
